Using pre-set license
Built from '2021.3/release' branch; Version is '2021.3.12f1 (8af3c3e441b1) revision 9106371'; Using compiler version '192829333'; Build Type 'Release'
OS: 'Windows 10  (10.0.19044) 64bit CoreSingleLanguage' Language: 'es' Physical Memory: 10153 MB
BatchMode: 1, IsHumanControllingUs: 0, StartBugReporterOnCrash: 0, Is64bit: 1, IsPro: 1

COMMAND LINE ARGUMENTS:
D:\Program Files\2021.3.12f1\Editor\Unity.exe
-adb2
-batchMode
-noUpm
-name
AssetImportWorker6
-projectPath
D:/Cristian/Documents/Simulacion/Bici2
-logFile
Logs/AssetImportWorker6.log
-srvPort
51304
Successfully changed project path to: D:/Cristian/Documents/Simulacion/Bici2
D:/Cristian/Documents/Simulacion/Bici2
[UnityMemory] Configuration Parameters - Can be set up in boot.config
    "memorysetup-bucket-allocator-granularity=16"
    "memorysetup-bucket-allocator-bucket-count=8"
    "memorysetup-bucket-allocator-block-size=33554432"
    "memorysetup-bucket-allocator-block-count=8"
    "memorysetup-main-allocator-block-size=16777216"
    "memorysetup-thread-allocator-block-size=16777216"
    "memorysetup-gfx-main-allocator-block-size=16777216"
    "memorysetup-gfx-thread-allocator-block-size=16777216"
    "memorysetup-cache-allocator-block-size=4194304"
    "memorysetup-typetree-allocator-block-size=2097152"
    "memorysetup-profiler-bucket-allocator-granularity=16"
    "memorysetup-profiler-bucket-allocator-bucket-count=8"
    "memorysetup-profiler-bucket-allocator-block-size=33554432"
    "memorysetup-profiler-bucket-allocator-block-count=8"
    "memorysetup-profiler-allocator-block-size=16777216"
    "memorysetup-profiler-editor-allocator-block-size=1048576"
    "memorysetup-temp-allocator-size-main=16777216"
    "memorysetup-job-temp-allocator-block-size=2097152"
    "memorysetup-job-temp-allocator-block-size-background=1048576"
    "memorysetup-job-temp-allocator-reduction-small-platforms=262144"
    "memorysetup-temp-allocator-size-background-worker=32768"
    "memorysetup-temp-allocator-size-job-worker=262144"
    "memorysetup-temp-allocator-size-preload-manager=33554432"
    "memorysetup-temp-allocator-size-nav-mesh-worker=65536"
    "memorysetup-temp-allocator-size-audio-worker=65536"
    "memorysetup-temp-allocator-size-cloud-worker=32768"
    "memorysetup-temp-allocator-size-gi-baking-worker=262144"
    "memorysetup-temp-allocator-size-gfx=262144"
Refreshing native plugins compatible for Editor in 298.56 ms, found 3 plugins.
Preloading 0 native plugins for Editor in 0.00 ms.
Initialize engine version: 2021.3.12f1 (8af3c3e441b1)
[Subsystems] Discovering subsystems at path D:/Program Files/2021.3.12f1/Editor/Data/Resources/UnitySubsystems
[Subsystems] Discovering subsystems at path D:/Cristian/Documents/Simulacion/Bici2/Assets
GfxDevice: creating device client; threaded=0; jobified=0
Direct3D:
    Version:  Direct3D 11.0 [level 11.1]
    Renderer: AMD Radeon(TM) Vega 6 Graphics (ID=0x15d8)
    Vendor:   ATI
    VRAM:     5076 MB
    Driver:   26.20.11028.0
Initialize mono
Mono path[0] = 'D:/Program Files/2021.3.12f1/Editor/Data/Managed'
Mono path[1] = 'D:/Program Files/2021.3.12f1/Editor/Data/MonoBleedingEdge/lib/mono/unityjit-win32'
Mono config path = 'D:/Program Files/2021.3.12f1/Editor/Data/MonoBleedingEdge/etc'
Using monoOptions --debugger-agent=transport=dt_socket,embedding=1,server=y,suspend=n,address=127.0.0.1:56316
Begin MonoManager ReloadAssembly
Registering precompiled unity dll's ...
Register platform support module: D:/Program Files/2021.3.12f1/Editor/Data/PlaybackEngines/AndroidPlayer/UnityEditor.Android.Extensions.dll
Register platform support module: D:/Program Files/2021.3.12f1/Editor/Data/PlaybackEngines/WindowsStandaloneSupport/UnityEditor.WindowsStandalone.Extensions.dll
Registered in 0.007110 seconds.
Native extension for WindowsStandalone target not found
Native extension for Android target not found
Refreshing native plugins compatible for Editor in 165.86 ms, found 3 plugins.
Preloading 0 native plugins for Editor in 0.00 ms.
Mono: successfully reloaded assembly
- Completed reload, in  1.600 seconds
Domain Reload Profiling:
	ReloadAssembly (1601ms)
		BeginReloadAssembly (205ms)
			ExecutionOrderSort (0ms)
			DisableScriptedObjects (0ms)
			BackupInstance (0ms)
			ReleaseScriptingObjects (0ms)
			CreateAndSetChildDomain (2ms)
		EndReloadAssembly (1175ms)
			LoadAssemblies (204ms)
			RebuildTransferFunctionScriptingTraits (0ms)
			SetupTypeCache (241ms)
			ReleaseScriptCaches (0ms)
			RebuildScriptCaches (69ms)
			SetupLoadedEditorAssemblies (718ms)
				LogAssemblyErrors (0ms)
				InitializePlatformSupportModulesInManaged (149ms)
				SetLoadedEditorAssemblies (1ms)
				RefreshPlugins (166ms)
				BeforeProcessingInitializeOnLoad (8ms)
				ProcessInitializeOnLoadAttributes (253ms)
				ProcessInitializeOnLoadMethodAttributes (138ms)
				AfterProcessingInitializeOnLoad (3ms)
				EditorAssembliesLoaded (1ms)
			ExecutionOrderSort2 (0ms)
			AwakeInstancesAfterBackupRestoration (0ms)
Platform modules already initialized, skipping
Registering precompiled user dll's ...
Registered in 0.012890 seconds.
Begin MonoManager ReloadAssembly
Symbol file LoadedFromMemory doesn't match image D:\Cristian\Documents\Simulacion\Bici2\Library\PackageCache\com.unity.visualscripting@1.7.8\Editor\VisualScripting.Core\Dependencies\YamlDotNet\Unity.VisualScripting.YamlDotNet.dll
Symbol file LoadedFromMemory doesn't match image D:\Cristian\Documents\Simulacion\Bici2\Library\PackageCache\com.unity.visualscripting@1.7.8\Editor\VisualScripting.Core\Dependencies\DotNetZip\Unity.VisualScripting.IonicZip.dll
Native extension for WindowsStandalone target not found
Native extension for Android target not found
Refreshing native plugins compatible for Editor in 146.02 ms, found 3 plugins.
Preloading 0 native plugins for Editor in 0.00 ms.
Mono: successfully reloaded assembly
- Completed reload, in  2.813 seconds
Domain Reload Profiling:
	ReloadAssembly (2814ms)
		BeginReloadAssembly (431ms)
			ExecutionOrderSort (0ms)
			DisableScriptedObjects (22ms)
			BackupInstance (0ms)
			ReleaseScriptingObjects (0ms)
			CreateAndSetChildDomain (153ms)
		EndReloadAssembly (2119ms)
			LoadAssemblies (235ms)
			RebuildTransferFunctionScriptingTraits (0ms)
			SetupTypeCache (589ms)
			ReleaseScriptCaches (2ms)
			RebuildScriptCaches (118ms)
			SetupLoadedEditorAssemblies (1127ms)
				LogAssemblyErrors (0ms)
				InitializePlatformSupportModulesInManaged (25ms)
				SetLoadedEditorAssemblies (1ms)
				RefreshPlugins (146ms)
				BeforeProcessingInitializeOnLoad (139ms)
				ProcessInitializeOnLoadAttributes (738ms)
				ProcessInitializeOnLoadMethodAttributes (71ms)
				AfterProcessingInitializeOnLoad (7ms)
				EditorAssembliesLoaded (0ms)
			ExecutionOrderSort2 (0ms)
			AwakeInstancesAfterBackupRestoration (16ms)
Platform modules already initialized, skipping
========================================================================
Worker process is ready to serve import requests
Launched and connected shader compiler UnityShaderCompiler.exe after 0.16 seconds
Refreshing native plugins compatible for Editor in 0.93 ms, found 3 plugins.
Preloading 0 native plugins for Editor in 0.00 ms.
Unloading 3572 Unused Serialized files (Serialized files now loaded: 0)
Unloading 48 unused Assets / (0.6 MB). Loaded Objects now: 4048.
Memory consumption went from 144.8 MB to 144.2 MB.
Total: 7.455500 ms (FindLiveObjects: 1.070000 ms CreateObjectMapping: 1.124800 ms MarkObjects: 4.762800 ms  DeleteObjects: 0.494800 ms)

AssetImportParameters requested are different than current active one (requested -> active):
  custom:video-decoder-ogg-theora: a1e56fd34408186e4bbccfd4996cb3dc -> 
  custom:container-muxer-webm: aa71ff27fc2769a1b78a27578f13a17b -> 
  custom:container-demuxer-webm: 4f35f7cbe854078d1ac9338744f61a02 -> 
  custom:video-encoder-webm-vp8: eb34c28f22e8b96e1ab97ce403110664 -> 
  custom:audio-encoder-webm-vorbis: bf7c407c2cedff20999df2af8eb42d56 -> 
  custom:framework-win-MediaFoundation: 216162199b28c13a410421893ffa2e32 -> 
  custom:container-demuxer-ogg: 62fdf1f143b41e24485cea50d1cbac27 -> 
  custom:video-decoder-webm-vp8: 9c59270c3fd7afecdb556c50c9e8de78 -> 
  custom:audio-decoder-ogg-vorbis: bf7c407c2cedff20999df2af8eb42d56 -> 
========================================================================
Received Import Request.
  Time since last request: 89568.914018 seconds.
  path: Assets/Single_detailed_truck/Prefabs/Trailer.prefab
  artifactKey: Guid(824b045cfb5412444a2d59824cb98223) Importer(815301076,1909f56bfc062723c751e8b465ee728b)
Start importing Assets/Single_detailed_truck/Prefabs/Trailer.prefab using Guid(824b045cfb5412444a2d59824cb98223) Importer(815301076,1909f56bfc062723c751e8b465ee728b)  -> (artifact id: 'fe5833fab1d993730b616b8f76d43508') in 0.409521 seconds 
========================================================================
Received Import Request.
  Time since last request: 725.527800 seconds.
  path: Assets/POLYGON city pack/Prefabs
  artifactKey: Guid(55c50c4d813fe7140a42d24d27cfa7fc) Importer(815301076,1909f56bfc062723c751e8b465ee728b)
Start importing Assets/POLYGON city pack/Prefabs using Guid(55c50c4d813fe7140a42d24d27cfa7fc) Importer(815301076,1909f56bfc062723c751e8b465ee728b)  -> (artifact id: '92817f04268c10b3cd626dcd5c32d28a') in 0.024222 seconds 
========================================================================
Received Import Request.
  Time since last request: 17.954445 seconds.
  path: Assets/POLYGON city pack/Prefabs/Props
  artifactKey: Guid(dce026fb71e70fd42acd6fbfdecc07a8) Importer(815301076,1909f56bfc062723c751e8b465ee728b)
Start importing Assets/POLYGON city pack/Prefabs/Props using Guid(dce026fb71e70fd42acd6fbfdecc07a8) Importer(815301076,1909f56bfc062723c751e8b465ee728b)  -> (artifact id: '8e6f34b6f410e0b6731c55159b65ee49') in 0.024060 seconds 
========================================================================
Received Import Request.
  Time since last request: 0.000068 seconds.
  path: Assets/POLYGON city pack/Prefabs/Props/air conditioner roof Prefab.prefab
  artifactKey: Guid(a56a9ff0410540141a4b57353191a959) Importer(815301076,1909f56bfc062723c751e8b465ee728b)
Start importing Assets/POLYGON city pack/Prefabs/Props/air conditioner roof Prefab.prefab using Guid(a56a9ff0410540141a4b57353191a959) Importer(815301076,1909f56bfc062723c751e8b465ee728b)  -> (artifact id: '95ec6956aa28ed7a03a41fb679fa9ad5') in 0.228574 seconds 
========================================================================
Received Import Request.
  Time since last request: 0.000070 seconds.
  path: Assets/POLYGON city pack/Prefabs/Props/ATM_prefab.prefab
  artifactKey: Guid(971885f35036d834d9e87999c41920fe) Importer(815301076,1909f56bfc062723c751e8b465ee728b)
Start importing Assets/POLYGON city pack/Prefabs/Props/ATM_prefab.prefab using Guid(971885f35036d834d9e87999c41920fe) Importer(815301076,1909f56bfc062723c751e8b465ee728b)  -> (artifact id: '30f1fc8bef35dc961ebfcbf322159509') in 0.044126 seconds 
========================================================================
Received Import Request.
  Time since last request: 0.000033 seconds.
  path: Assets/POLYGON city pack/Prefabs/Props/Bank_sign Prefab.prefab
  artifactKey: Guid(d11c03cec4369ea4aa3d29744046d625) Importer(815301076,1909f56bfc062723c751e8b465ee728b)
Start importing Assets/POLYGON city pack/Prefabs/Props/Bank_sign Prefab.prefab using Guid(d11c03cec4369ea4aa3d29744046d625) Importer(815301076,1909f56bfc062723c751e8b465ee728b)  -> (artifact id: '0e84a582597bcd7de2732f29e478ebf8') in 0.025324 seconds 
========================================================================
Received Import Request.
  Time since last request: 0.000037 seconds.
  path: Assets/POLYGON city pack/Prefabs/Props/bush prefab.prefab
  artifactKey: Guid(fb63f2d87ad55dd42891f1e2dbfe660d) Importer(815301076,1909f56bfc062723c751e8b465ee728b)
Start importing Assets/POLYGON city pack/Prefabs/Props/bush prefab.prefab using Guid(fb63f2d87ad55dd42891f1e2dbfe660d) Importer(815301076,1909f56bfc062723c751e8b465ee728b)  -> (artifact id: 'a3e08ef7107bafac13110af9a3d78115') in 0.534922 seconds 
========================================================================
Received Import Request.
  Time since last request: 0.000062 seconds.
  path: Assets/POLYGON city pack/Prefabs/Props/ColaMachine prefab.prefab
  artifactKey: Guid(2bf7da734f1a8224fb14055902b5b343) Importer(815301076,1909f56bfc062723c751e8b465ee728b)
Start importing Assets/POLYGON city pack/Prefabs/Props/ColaMachine prefab.prefab using Guid(2bf7da734f1a8224fb14055902b5b343) Importer(815301076,1909f56bfc062723c751e8b465ee728b)  -> (artifact id: 'd8ab1d8f37aab6e78e783bf6e107d48c') in 0.036197 seconds 
========================================================================
Received Import Request.
  Time since last request: 0.000073 seconds.
  path: Assets/POLYGON city pack/Prefabs/Props/Bush 2 mass prefab.prefab
  artifactKey: Guid(7c311e85b96e43d4aaaf68e86c127195) Importer(815301076,1909f56bfc062723c751e8b465ee728b)
Start importing Assets/POLYGON city pack/Prefabs/Props/Bush 2 mass prefab.prefab using Guid(7c311e85b96e43d4aaaf68e86c127195) Importer(815301076,1909f56bfc062723c751e8b465ee728b)  -> (artifact id: 'd07c462259b9cc021d1f41c77cadf7c4') in 0.072759 seconds 
========================================================================
Received Import Request.
  Time since last request: 0.000082 seconds.
  path: Assets/POLYGON city pack/Prefabs/Props/electrcity box prefab.prefab
  artifactKey: Guid(00330848c56cf3e42aefd14a7ebd14c6) Importer(815301076,1909f56bfc062723c751e8b465ee728b)
Start importing Assets/POLYGON city pack/Prefabs/Props/electrcity box prefab.prefab using Guid(00330848c56cf3e42aefd14a7ebd14c6) Importer(815301076,1909f56bfc062723c751e8b465ee728b)  -> (artifact id: '2b33ab190adb490cae60cb0ccc7f4c6b') in 0.042838 seconds 
========================================================================
Received Import Request.
  Time since last request: 0.000244 seconds.
  path: Assets/POLYGON city pack/Prefabs/Props/burger prefab.prefab
  artifactKey: Guid(6a21df4da585e0946a2b991447fabcc6) Importer(815301076,1909f56bfc062723c751e8b465ee728b)
Start importing Assets/POLYGON city pack/Prefabs/Props/burger prefab.prefab using Guid(6a21df4da585e0946a2b991447fabcc6) Importer(815301076,1909f56bfc062723c751e8b465ee728b)  -> (artifact id: '7cf163a152d454af778dad4fdbf64962') in 0.043714 seconds 
========================================================================
Received Import Request.
  Time since last request: 0.000056 seconds.
  path: Assets/POLYGON city pack/Prefabs/Props/Can_cola 1 prefab.prefab
  artifactKey: Guid(81d26dcff31f3ee45a7af58439d44b2e) Importer(815301076,1909f56bfc062723c751e8b465ee728b)
Start importing Assets/POLYGON city pack/Prefabs/Props/Can_cola 1 prefab.prefab using Guid(81d26dcff31f3ee45a7af58439d44b2e) Importer(815301076,1909f56bfc062723c751e8b465ee728b)  -> (artifact id: 'c2c06ae4c80a99259f24f612ee76512b') in 0.035975 seconds 
========================================================================
Received Import Request.
  Time since last request: 0.000038 seconds.
  path: Assets/POLYGON city pack/Prefabs/Props/Can_cola 2 prefab.prefab
  artifactKey: Guid(95ad7e2cecb192d43a4a02f1b422beed) Importer(815301076,1909f56bfc062723c751e8b465ee728b)
Start importing Assets/POLYGON city pack/Prefabs/Props/Can_cola 2 prefab.prefab using Guid(95ad7e2cecb192d43a4a02f1b422beed) Importer(815301076,1909f56bfc062723c751e8b465ee728b)  -> (artifact id: '951c59e3b3a25b4ff698e09d3b83d82a') in 0.035774 seconds 
========================================================================
Received Import Request.
  Time since last request: 0.000048 seconds.
  path: Assets/POLYGON city pack/Prefabs/Props/Big_trash_bin prefab.prefab
  artifactKey: Guid(331560f2206dc024cb084301a19c05ad) Importer(815301076,1909f56bfc062723c751e8b465ee728b)
Start importing Assets/POLYGON city pack/Prefabs/Props/Big_trash_bin prefab.prefab using Guid(331560f2206dc024cb084301a19c05ad) Importer(815301076,1909f56bfc062723c751e8b465ee728b)  -> (artifact id: '596a0316f1f52011e8242b495eaf7523') in 0.046615 seconds 
========================================================================
Received Import Request.
  Time since last request: 1.383293 seconds.
  path: Assets/POLYGON city pack/Prefabs/Props/Fence_B_1 prefab.prefab
  artifactKey: Guid(a0c9730978f0d194c9b79ac6b6aa2c60) Importer(815301076,1909f56bfc062723c751e8b465ee728b)
Start importing Assets/POLYGON city pack/Prefabs/Props/Fence_B_1 prefab.prefab using Guid(a0c9730978f0d194c9b79ac6b6aa2c60) Importer(815301076,1909f56bfc062723c751e8b465ee728b)  -> (artifact id: 'a35f0b90ce6ad5de379879b91de3bc5a') in 0.050671 seconds 
========================================================================
Received Import Request.
  Time since last request: 0.015542 seconds.
  path: Assets/POLYGON city pack/Prefabs/Props/Grass mass_prefab.prefab
  artifactKey: Guid(e53777a03d3be324ab0664ab7ef3d886) Importer(815301076,1909f56bfc062723c751e8b465ee728b)
Start importing Assets/POLYGON city pack/Prefabs/Props/Grass mass_prefab.prefab using Guid(e53777a03d3be324ab0664ab7ef3d886) Importer(815301076,1909f56bfc062723c751e8b465ee728b)  -> (artifact id: '5e586fa10472c3a3f921cde57dc45214') in 0.064453 seconds 
========================================================================
Received Import Request.
  Time since last request: 0.000057 seconds.
  path: Assets/POLYGON city pack/Prefabs/Props/Flower 1 prefab F.prefab
  artifactKey: Guid(67086b7e1b4a07246aaebc44c363dcc3) Importer(815301076,1909f56bfc062723c751e8b465ee728b)
Start importing Assets/POLYGON city pack/Prefabs/Props/Flower 1 prefab F.prefab using Guid(67086b7e1b4a07246aaebc44c363dcc3) Importer(815301076,1909f56bfc062723c751e8b465ee728b)  -> (artifact id: '7a7467a4f6bf73616e59257589afad5c') in 0.028378 seconds 
========================================================================
Received Import Request.
  Time since last request: 0.000045 seconds.
  path: Assets/POLYGON city pack/Prefabs/Props/Flower 1 prefab A.prefab
  artifactKey: Guid(721f9aeb18a56f644828aa93a686bcd3) Importer(815301076,1909f56bfc062723c751e8b465ee728b)
Start importing Assets/POLYGON city pack/Prefabs/Props/Flower 1 prefab A.prefab using Guid(721f9aeb18a56f644828aa93a686bcd3) Importer(815301076,1909f56bfc062723c751e8b465ee728b)  -> (artifact id: 'e43e5e3031f524af2d976e5d8895e6cf') in 0.031840 seconds 
========================================================================
Received Import Request.
  Time since last request: 0.000038 seconds.
  path: Assets/POLYGON city pack/Prefabs/Props/GlassCola prefab.prefab
  artifactKey: Guid(d55339d5a4e0b8f41a0448068bd26f4e) Importer(815301076,1909f56bfc062723c751e8b465ee728b)
Start importing Assets/POLYGON city pack/Prefabs/Props/GlassCola prefab.prefab using Guid(d55339d5a4e0b8f41a0448068bd26f4e) Importer(815301076,1909f56bfc062723c751e8b465ee728b)  -> (artifact id: '452499507c15e73130d331dc533393f7') in 0.031040 seconds 
========================================================================
Received Import Request.
  Time since last request: 0.002432 seconds.
  path: Assets/POLYGON city pack/Prefabs/Props/Flower mass prefab.prefab
  artifactKey: Guid(3793ad411fa918d4685c2c4c1494c970) Importer(815301076,1909f56bfc062723c751e8b465ee728b)
Start importing Assets/POLYGON city pack/Prefabs/Props/Flower mass prefab.prefab using Guid(3793ad411fa918d4685c2c4c1494c970) Importer(815301076,1909f56bfc062723c751e8b465ee728b)  -> (artifact id: 'c749905455dc25a2a0843f93946196a6') in 0.082338 seconds 
========================================================================
Received Import Request.
  Time since last request: 0.000083 seconds.
  path: Assets/POLYGON city pack/Prefabs/Props/flower 2 prefab.prefab
  artifactKey: Guid(0f1f4c4f42ef5c74c8dd43866325948d) Importer(815301076,1909f56bfc062723c751e8b465ee728b)
Start importing Assets/POLYGON city pack/Prefabs/Props/flower 2 prefab.prefab using Guid(0f1f4c4f42ef5c74c8dd43866325948d) Importer(815301076,1909f56bfc062723c751e8b465ee728b)  -> (artifact id: 'ee575333165a1bda1b215914b06d48e1') in 0.090039 seconds 
========================================================================
Received Import Request.
  Time since last request: 0.000053 seconds.
  path: Assets/POLYGON city pack/Prefabs/Props/Flower 1 prefab D.prefab
  artifactKey: Guid(c1a6c832f3b6e494d80a048d5e7ff3e1) Importer(815301076,1909f56bfc062723c751e8b465ee728b)
Start importing Assets/POLYGON city pack/Prefabs/Props/Flower 1 prefab D.prefab using Guid(c1a6c832f3b6e494d80a048d5e7ff3e1) Importer(815301076,1909f56bfc062723c751e8b465ee728b)  -> (artifact id: '7eb72bf86f5fc7c0ed7738bc08e8b866') in 0.025071 seconds 
========================================================================
Received Import Request.
  Time since last request: 0.000038 seconds.
  path: Assets/POLYGON city pack/Prefabs/Props/Grass_prefab.prefab
  artifactKey: Guid(e3ee9b4631379bf44b7e076739afa41e) Importer(815301076,1909f56bfc062723c751e8b465ee728b)
Start importing Assets/POLYGON city pack/Prefabs/Props/Grass_prefab.prefab using Guid(e3ee9b4631379bf44b7e076739afa41e) Importer(815301076,1909f56bfc062723c751e8b465ee728b)  -> (artifact id: '2a814a05e04ec56e7a4665aec97bad43') in 0.030670 seconds 
========================================================================
Received Import Request.
  Time since last request: 0.235418 seconds.
  path: Assets/POLYGON city pack/Prefabs/Props/hedge 1m prefab.prefab
  artifactKey: Guid(21048f3cc3ec7d54286ad6aba869f84b) Importer(815301076,1909f56bfc062723c751e8b465ee728b)
Start importing Assets/POLYGON city pack/Prefabs/Props/hedge 1m prefab.prefab using Guid(21048f3cc3ec7d54286ad6aba869f84b) Importer(815301076,1909f56bfc062723c751e8b465ee728b)  -> (artifact id: '87e097696ad8947e3eb58a6d5cc42fff') in 0.034099 seconds 
========================================================================
Received Import Request.
  Time since last request: 0.000077 seconds.
  path: Assets/POLYGON city pack/Prefabs/Props/Mail_box prefab.prefab
  artifactKey: Guid(3f3f0ad0013c05f478f38f3920e05817) Importer(815301076,1909f56bfc062723c751e8b465ee728b)
Start importing Assets/POLYGON city pack/Prefabs/Props/Mail_box prefab.prefab using Guid(3f3f0ad0013c05f478f38f3920e05817) Importer(815301076,1909f56bfc062723c751e8b465ee728b)  -> (artifact id: 'c224b7eb9667f30a592c21c84163374e') in 0.054920 seconds 
========================================================================
Received Import Request.
  Time since last request: 0.000137 seconds.
  path: Assets/POLYGON city pack/Prefabs/Props/Hospital_sign prefab.prefab
  artifactKey: Guid(59f2f37d570039d41891cb6cb0bf2011) Importer(815301076,1909f56bfc062723c751e8b465ee728b)
Start importing Assets/POLYGON city pack/Prefabs/Props/Hospital_sign prefab.prefab using Guid(59f2f37d570039d41891cb6cb0bf2011) Importer(815301076,1909f56bfc062723c751e8b465ee728b)  -> (artifact id: '5229a664ec53e860cb1fbedc545efd80') in 0.035988 seconds 
========================================================================
Received Import Request.
  Time since last request: 0.000063 seconds.
  path: Assets/POLYGON city pack/Prefabs/Props/hedge_curve prefab.prefab
  artifactKey: Guid(f2a4c4a6f1e89a74a995f3108da5be04) Importer(815301076,1909f56bfc062723c751e8b465ee728b)
Start importing Assets/POLYGON city pack/Prefabs/Props/hedge_curve prefab.prefab using Guid(f2a4c4a6f1e89a74a995f3108da5be04) Importer(815301076,1909f56bfc062723c751e8b465ee728b)  -> (artifact id: '0b62f90a6c2586b411abc916d65a5a52') in 0.039542 seconds 
========================================================================
Received Import Request.
  Time since last request: 0.000052 seconds.
  path: Assets/POLYGON city pack/Prefabs/Props/mayonnaise prefab.prefab
  artifactKey: Guid(25b21e881a014da46bf94e610b2777b1) Importer(815301076,1909f56bfc062723c751e8b465ee728b)
Start importing Assets/POLYGON city pack/Prefabs/Props/mayonnaise prefab.prefab using Guid(25b21e881a014da46bf94e610b2777b1) Importer(815301076,1909f56bfc062723c751e8b465ee728b)  -> (artifact id: '742b8f512a4af8766877e5c89395f442') in 0.038649 seconds 
========================================================================
Received Import Request.
  Time since last request: 0.000045 seconds.
  path: Assets/POLYGON city pack/Prefabs/Props/plant 1 prefab.prefab
  artifactKey: Guid(d15d3707ee72e6e4992de2448a2bfccb) Importer(815301076,1909f56bfc062723c751e8b465ee728b)
Start importing Assets/POLYGON city pack/Prefabs/Props/plant 1 prefab.prefab using Guid(d15d3707ee72e6e4992de2448a2bfccb) Importer(815301076,1909f56bfc062723c751e8b465ee728b)  -> (artifact id: 'ba9d872fe6db1c3264c99dec32843eb1') in 0.043358 seconds 
========================================================================
Received Import Request.
  Time since last request: 0.000041 seconds.
  path: Assets/POLYGON city pack/Prefabs/Props/parking meter prefab.prefab
  artifactKey: Guid(dbdf3da5684f16d4fb4464f7337c942e) Importer(815301076,1909f56bfc062723c751e8b465ee728b)
Start importing Assets/POLYGON city pack/Prefabs/Props/parking meter prefab.prefab using Guid(dbdf3da5684f16d4fb4464f7337c942e) Importer(815301076,1909f56bfc062723c751e8b465ee728b)  -> (artifact id: 'cf45469e8bf5842463030ac6c589b23c') in 0.027086 seconds 
========================================================================
Received Import Request.
  Time since last request: 0.000035 seconds.
  path: Assets/POLYGON city pack/Prefabs/Props/platt sign 1 prefab.prefab
  artifactKey: Guid(d646b8ef31f0dac4aac6c8c3c1be41ef) Importer(815301076,1909f56bfc062723c751e8b465ee728b)
Start importing Assets/POLYGON city pack/Prefabs/Props/platt sign 1 prefab.prefab using Guid(d646b8ef31f0dac4aac6c8c3c1be41ef) Importer(815301076,1909f56bfc062723c751e8b465ee728b)  -> (artifact id: 'b93d3e9241f8b047d1c2d141dff7982e') in 0.027444 seconds 
========================================================================
Received Import Request.
  Time since last request: 0.000052 seconds.
  path: Assets/POLYGON city pack/Prefabs/Props/Stone 2 Prefab.prefab
  artifactKey: Guid(5a525eed3adce3248bcfd773cab5d126) Importer(815301076,1909f56bfc062723c751e8b465ee728b)
Start importing Assets/POLYGON city pack/Prefabs/Props/Stone 2 Prefab.prefab using Guid(5a525eed3adce3248bcfd773cab5d126) Importer(815301076,1909f56bfc062723c751e8b465ee728b)  -> (artifact id: '332e4e3bef2c6679ba6f4507568cd333') in 0.034177 seconds 
========================================================================
Received Import Request.
  Time since last request: 0.000033 seconds.
  path: Assets/POLYGON city pack/Prefabs/Props/Power_poles prefab.prefab
  artifactKey: Guid(ad77b71bebe086d48ab3d1cd35b2746b) Importer(815301076,1909f56bfc062723c751e8b465ee728b)
Start importing Assets/POLYGON city pack/Prefabs/Props/Power_poles prefab.prefab using Guid(ad77b71bebe086d48ab3d1cd35b2746b) Importer(815301076,1909f56bfc062723c751e8b465ee728b)  -> (artifact id: '8ffae404066b3d6432d9abfb9d2afeea') in 0.044315 seconds 
========================================================================
Received Import Request.
  Time since last request: 0.000041 seconds.
  path: Assets/POLYGON city pack/Prefabs/Props/platt sign 5 prefab.prefab
  artifactKey: Guid(b16f11b0d09550241914b5bb604da520) Importer(815301076,1909f56bfc062723c751e8b465ee728b)
Start importing Assets/POLYGON city pack/Prefabs/Props/platt sign 5 prefab.prefab using Guid(b16f11b0d09550241914b5bb604da520) Importer(815301076,1909f56bfc062723c751e8b465ee728b)  -> (artifact id: '6362a4dff889a1df87085887ed5dc353') in 0.044430 seconds 
========================================================================
Received Import Request.
  Time since last request: 0.000368 seconds.
  path: Assets/POLYGON city pack/Prefabs/Props/platt sign 3 prefab.prefab
  artifactKey: Guid(99bdf8c075f79ec499c340f68f8d6ca2) Importer(815301076,1909f56bfc062723c751e8b465ee728b)
Start importing Assets/POLYGON city pack/Prefabs/Props/platt sign 3 prefab.prefab using Guid(99bdf8c075f79ec499c340f68f8d6ca2) Importer(815301076,1909f56bfc062723c751e8b465ee728b)  -> (artifact id: '7f949d6584ff5f8140e2ffb081545490') in 0.031888 seconds 
========================================================================
Received Import Request.
  Time since last request: 0.000107 seconds.
  path: Assets/POLYGON city pack/Prefabs/Props/platt sign 2 prefab.prefab
  artifactKey: Guid(63708caac38471a45b6ba845efc890e8) Importer(815301076,1909f56bfc062723c751e8b465ee728b)
Start importing Assets/POLYGON city pack/Prefabs/Props/platt sign 2 prefab.prefab using Guid(63708caac38471a45b6ba845efc890e8) Importer(815301076,1909f56bfc062723c751e8b465ee728b)  -> (artifact id: 'd756b24be1d237529cca0f9a331cd7f1') in 0.031824 seconds 
========================================================================
Received Import Request.
  Time since last request: 0.258489 seconds.
  path: Assets/POLYGON city pack/Prefabs/Props/Stone 3 Prefab.prefab
  artifactKey: Guid(5d51484289d125e48b3eecf5fbd4d7c9) Importer(815301076,1909f56bfc062723c751e8b465ee728b)
Start importing Assets/POLYGON city pack/Prefabs/Props/Stone 3 Prefab.prefab using Guid(5d51484289d125e48b3eecf5fbd4d7c9) Importer(815301076,1909f56bfc062723c751e8b465ee728b)  -> (artifact id: 'db5e0345c51196e96eaa52b50da7e068') in 0.054585 seconds 
========================================================================
Received Import Request.
  Time since last request: 0.000099 seconds.
  path: Assets/POLYGON city pack/Prefabs/Props/StoneStreet prefab.prefab
  artifactKey: Guid(b371324d60f1ca9408481c0bd5f4539d) Importer(815301076,1909f56bfc062723c751e8b465ee728b)
Start importing Assets/POLYGON city pack/Prefabs/Props/StoneStreet prefab.prefab using Guid(b371324d60f1ca9408481c0bd5f4539d) Importer(815301076,1909f56bfc062723c751e8b465ee728b)  -> (artifact id: '4eb1a4094adbf5188574153afbdbac2f') in 0.046902 seconds 
========================================================================
Received Import Request.
  Time since last request: 0.000355 seconds.
  path: Assets/POLYGON city pack/Prefabs/Props/Traffic light 2 Prefab.prefab
  artifactKey: Guid(d7cdfd713e1c02c49b7eb072ff0c50b2) Importer(815301076,1909f56bfc062723c751e8b465ee728b)
Start importing Assets/POLYGON city pack/Prefabs/Props/Traffic light 2 Prefab.prefab using Guid(d7cdfd713e1c02c49b7eb072ff0c50b2) Importer(815301076,1909f56bfc062723c751e8b465ee728b)  -> (artifact id: '1ce298af341d0d041e2d9d01ddf7f6a6') in 0.052928 seconds 
========================================================================
Received Import Request.
  Time since last request: 0.000037 seconds.
  path: Assets/POLYGON city pack/Prefabs/Props/stone pot prefab.prefab
  artifactKey: Guid(7f788b3ac76896b459c93cf4d673fa57) Importer(815301076,1909f56bfc062723c751e8b465ee728b)
Start importing Assets/POLYGON city pack/Prefabs/Props/stone pot prefab.prefab using Guid(7f788b3ac76896b459c93cf4d673fa57) Importer(815301076,1909f56bfc062723c751e8b465ee728b)  -> (artifact id: '6c63589068c0e1b74ca6c00507bd6d52') in 0.035067 seconds 
========================================================================
Received Import Request.
  Time since last request: 0.000042 seconds.
  path: Assets/POLYGON city pack/Prefabs/Props/Traffic_pot prefab.prefab
  artifactKey: Guid(419d31cd2358c274b93f3ed5fac4773f) Importer(815301076,1909f56bfc062723c751e8b465ee728b)
Start importing Assets/POLYGON city pack/Prefabs/Props/Traffic_pot prefab.prefab using Guid(419d31cd2358c274b93f3ed5fac4773f) Importer(815301076,1909f56bfc062723c751e8b465ee728b)  -> (artifact id: '1adfb42d969760d2d29bb550688f5041') in 0.032433 seconds 
========================================================================
Received Import Request.
  Time since last request: 0.000036 seconds.
  path: Assets/POLYGON city pack/Prefabs/Props/Traffic light 4 Prefab.prefab
  artifactKey: Guid(334aad2b5d3ce18449f0aac7e90fe56e) Importer(815301076,1909f56bfc062723c751e8b465ee728b)
Start importing Assets/POLYGON city pack/Prefabs/Props/Traffic light 4 Prefab.prefab using Guid(334aad2b5d3ce18449f0aac7e90fe56e) Importer(815301076,1909f56bfc062723c751e8b465ee728b)  -> (artifact id: 'cde16a98cf5a4bb15d4b53edd60e6a83') in 0.034504 seconds 
========================================================================
Received Import Request.
  Time since last request: 0.000034 seconds.
  path: Assets/POLYGON city pack/Prefabs/Props/StreetSellerStand prefab.prefab
  artifactKey: Guid(110af0d3eee946d4d9ee0ca4e522611a) Importer(815301076,1909f56bfc062723c751e8b465ee728b)
Start importing Assets/POLYGON city pack/Prefabs/Props/StreetSellerStand prefab.prefab using Guid(110af0d3eee946d4d9ee0ca4e522611a) Importer(815301076,1909f56bfc062723c751e8b465ee728b)  -> (artifact id: '69ac9d5418c2d6ed1f38d52f1fc8a820') in 0.065381 seconds 
========================================================================
Received Import Request.
  Time since last request: 0.000342 seconds.
  path: Assets/POLYGON city pack/Prefabs/Props/traffic_warning_stand prefab.prefab
  artifactKey: Guid(883cf758fdbaad44fbf987329131dbfb) Importer(815301076,1909f56bfc062723c751e8b465ee728b)
Start importing Assets/POLYGON city pack/Prefabs/Props/traffic_warning_stand prefab.prefab using Guid(883cf758fdbaad44fbf987329131dbfb) Importer(815301076,1909f56bfc062723c751e8b465ee728b)  -> (artifact id: 'b066e258bfa65f732c5933f9aed0b0fe') in 0.037933 seconds 
========================================================================
Received Import Request.
  Time since last request: 0.404450 seconds.
  path: Assets/POLYGON city pack/Prefabs/Props/trashcan prefab.prefab
  artifactKey: Guid(8983c8df5fb12ea4bb76cdf0ef2f9c1b) Importer(815301076,1909f56bfc062723c751e8b465ee728b)
Start importing Assets/POLYGON city pack/Prefabs/Props/trashcan prefab.prefab using Guid(8983c8df5fb12ea4bb76cdf0ef2f9c1b) Importer(815301076,1909f56bfc062723c751e8b465ee728b)  -> (artifact id: 'da3a6be4a5c1e1b7dddf20682b0af906') in 0.029996 seconds 
========================================================================
Received Import Request.
  Time since last request: 0.000073 seconds.
  path: Assets/POLYGON city pack/Prefabs/Props/wood pot prefab.prefab
  artifactKey: Guid(9d4eff3ec34236147b12cbbb7b994959) Importer(815301076,1909f56bfc062723c751e8b465ee728b)
Start importing Assets/POLYGON city pack/Prefabs/Props/wood pot prefab.prefab using Guid(9d4eff3ec34236147b12cbbb7b994959) Importer(815301076,1909f56bfc062723c751e8b465ee728b)  -> (artifact id: '8894c76a212ed181dfc4c56e894fea05') in 0.041794 seconds 
========================================================================
Received Import Request.
  Time since last request: 0.000030 seconds.
  path: Assets/POLYGON city pack/Prefabs/Props/Wall 7 prefab.prefab
  artifactKey: Guid(f902153ff8ccfb04091c1bd2019134b8) Importer(815301076,1909f56bfc062723c751e8b465ee728b)
Start importing Assets/POLYGON city pack/Prefabs/Props/Wall 7 prefab.prefab using Guid(f902153ff8ccfb04091c1bd2019134b8) Importer(815301076,1909f56bfc062723c751e8b465ee728b)  -> (artifact id: '6dd1c6ed27dce7baea340a2fd4b4a115') in 0.049258 seconds 
========================================================================
Received Import Request.
  Time since last request: 0.000042 seconds.
  path: Assets/POLYGON city pack/Prefabs/Props/Wall 2 prefab.prefab
  artifactKey: Guid(9256d77e61c437a4a9afb333ff47af4d) Importer(815301076,1909f56bfc062723c751e8b465ee728b)
Start importing Assets/POLYGON city pack/Prefabs/Props/Wall 2 prefab.prefab using Guid(9256d77e61c437a4a9afb333ff47af4d) Importer(815301076,1909f56bfc062723c751e8b465ee728b)  -> (artifact id: 'a2918d1f98bf5af1f748942c7cb04545') in 0.026442 seconds 
========================================================================
Received Import Request.
  Time since last request: 0.000046 seconds.
  path: Assets/POLYGON city pack/Prefabs/Props/wrench prefab.prefab
  artifactKey: Guid(b3fc4a46e12c3c9438328b649f2ba084) Importer(815301076,1909f56bfc062723c751e8b465ee728b)
Start importing Assets/POLYGON city pack/Prefabs/Props/wrench prefab.prefab using Guid(b3fc4a46e12c3c9438328b649f2ba084) Importer(815301076,1909f56bfc062723c751e8b465ee728b)  -> (artifact id: '3890f8d5947601b1a2d4cc5854b738d9') in 0.042993 seconds 
========================================================================
Received Import Request.
  Time since last request: 0.000061 seconds.
  path: Assets/POLYGON city pack/Prefabs/Props/Water tank prefab.prefab
  artifactKey: Guid(12ba3d1ec135f1b4e9caddc7e211dd72) Importer(815301076,1909f56bfc062723c751e8b465ee728b)
Start importing Assets/POLYGON city pack/Prefabs/Props/Water tank prefab.prefab using Guid(12ba3d1ec135f1b4e9caddc7e211dd72) Importer(815301076,1909f56bfc062723c751e8b465ee728b)  -> (artifact id: 'dd5b7e5524a19e6af8c20df403f1424a') in 0.041757 seconds 
========================================================================
Received Import Request.
  Time since last request: 52.236108 seconds.
  path: Assets/POLYGON city pack/Prefabs/traffic signs
  artifactKey: Guid(b60a37c27211692418e3e67fee8dad67) Importer(815301076,1909f56bfc062723c751e8b465ee728b)
Start importing Assets/POLYGON city pack/Prefabs/traffic signs using Guid(b60a37c27211692418e3e67fee8dad67) Importer(815301076,1909f56bfc062723c751e8b465ee728b)  -> (artifact id: 'cd8c439502783f13805cf0d9c74eb081') in 0.024680 seconds 
========================================================================
Received Import Request.
  Time since last request: 0.000069 seconds.
  path: Assets/POLYGON city pack/Prefabs/traffic signs/road traffic sign.prefab
  artifactKey: Guid(5aa09168234dce04fb87af766863e32b) Importer(815301076,1909f56bfc062723c751e8b465ee728b)
Start importing Assets/POLYGON city pack/Prefabs/traffic signs/road traffic sign.prefab using Guid(5aa09168234dce04fb87af766863e32b) Importer(815301076,1909f56bfc062723c751e8b465ee728b)  -> (artifact id: '85562e46f4e543ba3201241f2fd5b5e4') in 0.078227 seconds 
========================================================================
Received Import Request.
  Time since last request: 0.014351 seconds.
  path: Assets/POLYGON city pack/Prefabs/traffic signs/traffic sign 6.prefab
  artifactKey: Guid(da9fb6e8099cbc8479b0c76e13ae8916) Importer(815301076,1909f56bfc062723c751e8b465ee728b)
Start importing Assets/POLYGON city pack/Prefabs/traffic signs/traffic sign 6.prefab using Guid(da9fb6e8099cbc8479b0c76e13ae8916) Importer(815301076,1909f56bfc062723c751e8b465ee728b)  -> (artifact id: '3b460ac0f4520b13148b3f703b294d73') in 0.038256 seconds 
========================================================================
Received Import Request.
  Time since last request: 0.000037 seconds.
  path: Assets/POLYGON city pack/Prefabs/traffic signs/traffic sign speed 50.prefab
  artifactKey: Guid(ffc3c787eefca4946b3deb5bb202361c) Importer(815301076,1909f56bfc062723c751e8b465ee728b)
Start importing Assets/POLYGON city pack/Prefabs/traffic signs/traffic sign speed 50.prefab using Guid(ffc3c787eefca4946b3deb5bb202361c) Importer(815301076,1909f56bfc062723c751e8b465ee728b)  -> (artifact id: 'b2acd9b826e98df07a0c9c369b940bd6') in 0.037737 seconds 
========================================================================
Received Import Request.
  Time since last request: 0.000038 seconds.
  path: Assets/POLYGON city pack/Prefabs/traffic signs/traffic sign 5.prefab
  artifactKey: Guid(77da89e00b971864eb796198baf59621) Importer(815301076,1909f56bfc062723c751e8b465ee728b)
Start importing Assets/POLYGON city pack/Prefabs/traffic signs/traffic sign 5.prefab using Guid(77da89e00b971864eb796198baf59621) Importer(815301076,1909f56bfc062723c751e8b465ee728b)  -> (artifact id: '4720de4c7e1d9d205cfa4264e3d33613') in 0.069713 seconds 
========================================================================
Received Import Request.
  Time since last request: 0.000029 seconds.
  path: Assets/POLYGON city pack/Prefabs/traffic signs/stop sign.prefab
  artifactKey: Guid(6f68dfcded674364f8b137702c42898e) Importer(815301076,1909f56bfc062723c751e8b465ee728b)
Start importing Assets/POLYGON city pack/Prefabs/traffic signs/stop sign.prefab using Guid(6f68dfcded674364f8b137702c42898e) Importer(815301076,1909f56bfc062723c751e8b465ee728b)  -> (artifact id: 'f2b5ed9b555919a981f1d51918c63d58') in 0.050343 seconds 
========================================================================
Received Import Request.
  Time since last request: 0.000035 seconds.
  path: Assets/POLYGON city pack/Prefabs/traffic signs/traffic sign speed 100.prefab
  artifactKey: Guid(c0158e83eac5e8b40b8e254e90b4b8d9) Importer(815301076,1909f56bfc062723c751e8b465ee728b)
Start importing Assets/POLYGON city pack/Prefabs/traffic signs/traffic sign speed 100.prefab using Guid(c0158e83eac5e8b40b8e254e90b4b8d9) Importer(815301076,1909f56bfc062723c751e8b465ee728b)  -> (artifact id: '5e6c530bb33f01830093363e0df61b97') in 0.058582 seconds 
Editor requested this worker to shutdown with reason: Scaling down because of idle timeout
AssetImportWorker is now disconnected from the server
Process exiting
Exiting without the bug reporter. Application will terminate with return code 0