Using pre-set license
Built from '2021.3/release' branch; Version is '2021.3.12f1 (8af3c3e441b1) revision 9106371'; Using compiler version '192829333'; Build Type 'Release'
OS: 'Windows 11  (10.0.22000) 64bit CoreSingleLanguage' Language: 'es' Physical Memory: 15754 MB
BatchMode: 1, IsHumanControllingUs: 0, StartBugReporterOnCrash: 0, Is64bit: 1, IsPro: 1

COMMAND LINE ARGUMENTS:
C:\Program Files\Unity 2021.3.12f1\Editor\Unity.exe
-adb2
-batchMode
-noUpm
-name
AssetImportWorker0
-projectPath
C:/Users/emili/clonar/Simulacion/Bici2
-logFile
Logs/AssetImportWorker0.log
-srvPort
64649
Successfully changed project path to: C:/Users/emili/clonar/Simulacion/Bici2
C:/Users/emili/clonar/Simulacion/Bici2
[UnityMemory] Configuration Parameters - Can be set up in boot.config
    "memorysetup-bucket-allocator-granularity=16"
    "memorysetup-bucket-allocator-bucket-count=8"
    "memorysetup-bucket-allocator-block-size=33554432"
    "memorysetup-bucket-allocator-block-count=8"
    "memorysetup-main-allocator-block-size=16777216"
    "memorysetup-thread-allocator-block-size=16777216"
    "memorysetup-gfx-main-allocator-block-size=16777216"
    "memorysetup-gfx-thread-allocator-block-size=16777216"
    "memorysetup-cache-allocator-block-size=4194304"
    "memorysetup-typetree-allocator-block-size=2097152"
    "memorysetup-profiler-bucket-allocator-granularity=16"
    "memorysetup-profiler-bucket-allocator-bucket-count=8"
    "memorysetup-profiler-bucket-allocator-block-size=33554432"
    "memorysetup-profiler-bucket-allocator-block-count=8"
    "memorysetup-profiler-allocator-block-size=16777216"
    "memorysetup-profiler-editor-allocator-block-size=1048576"
    "memorysetup-temp-allocator-size-main=16777216"
    "memorysetup-job-temp-allocator-block-size=2097152"
    "memorysetup-job-temp-allocator-block-size-background=1048576"
    "memorysetup-job-temp-allocator-reduction-small-platforms=262144"
    "memorysetup-temp-allocator-size-background-worker=32768"
    "memorysetup-temp-allocator-size-job-worker=262144"
    "memorysetup-temp-allocator-size-preload-manager=33554432"
    "memorysetup-temp-allocator-size-nav-mesh-worker=65536"
    "memorysetup-temp-allocator-size-audio-worker=65536"
    "memorysetup-temp-allocator-size-cloud-worker=32768"
    "memorysetup-temp-allocator-size-gi-baking-worker=262144"
    "memorysetup-temp-allocator-size-gfx=262144"
Refreshing native plugins compatible for Editor in 85.81 ms, found 3 plugins.
Preloading 0 native plugins for Editor in 0.00 ms.
Initialize engine version: 2021.3.12f1 (8af3c3e441b1)
[Subsystems] Discovering subsystems at path C:/Program Files/Unity 2021.3.12f1/Editor/Data/Resources/UnitySubsystems
[Subsystems] Discovering subsystems at path C:/Users/emili/clonar/Simulacion/Bici2/Assets
GfxDevice: creating device client; threaded=0; jobified=0
Direct3D:
    Version:  Direct3D 11.0 [level 11.1]
    Renderer: Radeon RX 5500M (ID=0x7340)
    Vendor:   ATI
    VRAM:     4055 MB
    Driver:   30.0.13002.23
Initialize mono
Mono path[0] = 'C:/Program Files/Unity 2021.3.12f1/Editor/Data/Managed'
Mono path[1] = 'C:/Program Files/Unity 2021.3.12f1/Editor/Data/MonoBleedingEdge/lib/mono/unityjit-win32'
Mono config path = 'C:/Program Files/Unity 2021.3.12f1/Editor/Data/MonoBleedingEdge/etc'
Using monoOptions --debugger-agent=transport=dt_socket,embedding=1,server=y,suspend=n,address=127.0.0.1:56968
Begin MonoManager ReloadAssembly
Registering precompiled unity dll's ...
Register platform support module: C:/Program Files/Unity 2021.3.12f1/Editor/Data/PlaybackEngines/WindowsStandaloneSupport/UnityEditor.WindowsStandalone.Extensions.dll
Registered in 0.004414 seconds.
Native extension for WindowsStandalone target not found
Refreshing native plugins compatible for Editor in 78.47 ms, found 3 plugins.
Preloading 0 native plugins for Editor in 0.00 ms.
Mono: successfully reloaded assembly
- Completed reload, in  0.608 seconds
Domain Reload Profiling:
	ReloadAssembly (609ms)
		BeginReloadAssembly (67ms)
			ExecutionOrderSort (0ms)
			DisableScriptedObjects (0ms)
			BackupInstance (0ms)
			ReleaseScriptingObjects (0ms)
			CreateAndSetChildDomain (1ms)
		EndReloadAssembly (431ms)
			LoadAssemblies (65ms)
			RebuildTransferFunctionScriptingTraits (0ms)
			SetupTypeCache (90ms)
			ReleaseScriptCaches (0ms)
			RebuildScriptCaches (25ms)
			SetupLoadedEditorAssemblies (267ms)
				LogAssemblyErrors (0ms)
				InitializePlatformSupportModulesInManaged (7ms)
				SetLoadedEditorAssemblies (0ms)
				RefreshPlugins (79ms)
				BeforeProcessingInitializeOnLoad (1ms)
				ProcessInitializeOnLoadAttributes (135ms)
				ProcessInitializeOnLoadMethodAttributes (45ms)
				AfterProcessingInitializeOnLoad (0ms)
				EditorAssembliesLoaded (0ms)
			ExecutionOrderSort2 (0ms)
			AwakeInstancesAfterBackupRestoration (0ms)
Platform modules already initialized, skipping
Registering precompiled user dll's ...
Registered in 0.006034 seconds.
Begin MonoManager ReloadAssembly
Symbol file LoadedFromMemory doesn't match image C:\Users\emili\clonar\Simulacion\Bici2\Library\PackageCache\com.unity.visualscripting@1.7.8\Editor\VisualScripting.Core\Dependencies\YamlDotNet\Unity.VisualScripting.YamlDotNet.dll
Symbol file LoadedFromMemory doesn't match image C:\Users\emili\clonar\Simulacion\Bici2\Library\PackageCache\com.unity.visualscripting@1.7.8\Editor\VisualScripting.Core\Dependencies\DotNetZip\Unity.VisualScripting.IonicZip.dll
Native extension for WindowsStandalone target not found
Refreshing native plugins compatible for Editor in 76.42 ms, found 3 plugins.
Preloading 0 native plugins for Editor in 0.00 ms.
Mono: successfully reloaded assembly
- Completed reload, in  1.098 seconds
Domain Reload Profiling:
	ReloadAssembly (1099ms)
		BeginReloadAssembly (102ms)
			ExecutionOrderSort (0ms)
			DisableScriptedObjects (6ms)
			BackupInstance (0ms)
			ReleaseScriptingObjects (0ms)
			CreateAndSetChildDomain (18ms)
		EndReloadAssembly (888ms)
			LoadAssemblies (77ms)
			RebuildTransferFunctionScriptingTraits (0ms)
			SetupTypeCache (223ms)
			ReleaseScriptCaches (1ms)
			RebuildScriptCaches (47ms)
			SetupLoadedEditorAssemblies (494ms)
				LogAssemblyErrors (0ms)
				InitializePlatformSupportModulesInManaged (3ms)
				SetLoadedEditorAssemblies (0ms)
				RefreshPlugins (76ms)
				BeforeProcessingInitializeOnLoad (84ms)
				ProcessInitializeOnLoadAttributes (299ms)
				ProcessInitializeOnLoadMethodAttributes (24ms)
				AfterProcessingInitializeOnLoad (6ms)
				EditorAssembliesLoaded (0ms)
			ExecutionOrderSort2 (0ms)
			AwakeInstancesAfterBackupRestoration (9ms)
Platform modules already initialized, skipping
========================================================================
Worker process is ready to serve import requests
Launched and connected shader compiler UnityShaderCompiler.exe after 0.03 seconds
Refreshing native plugins compatible for Editor in 0.73 ms, found 3 plugins.
Preloading 0 native plugins for Editor in 0.00 ms.
Unloading 3572 Unused Serialized files (Serialized files now loaded: 0)
Unloading 48 unused Assets / (0.6 MB). Loaded Objects now: 4046.
Memory consumption went from 142.5 MB to 141.8 MB.
Total: 3.421100 ms (FindLiveObjects: 0.276200 ms CreateObjectMapping: 0.223700 ms MarkObjects: 2.715600 ms  DeleteObjects: 0.204800 ms)

AssetImportParameters requested are different than current active one (requested -> active):
  custom:video-decoder-ogg-theora: a1e56fd34408186e4bbccfd4996cb3dc -> 
  custom:container-muxer-webm: aa71ff27fc2769a1b78a27578f13a17b -> 
  custom:container-demuxer-webm: 4f35f7cbe854078d1ac9338744f61a02 -> 
  custom:video-encoder-webm-vp8: eb34c28f22e8b96e1ab97ce403110664 -> 
  custom:audio-encoder-webm-vorbis: bf7c407c2cedff20999df2af8eb42d56 -> 
  custom:framework-win-MediaFoundation: 216162199b28c13a410421893ffa2e32 -> 
  custom:container-demuxer-ogg: 62fdf1f143b41e24485cea50d1cbac27 -> 
  custom:video-decoder-webm-vp8: 9c59270c3fd7afecdb556c50c9e8de78 -> 
  custom:audio-decoder-ogg-vorbis: bf7c407c2cedff20999df2af8eb42d56 -> 
========================================================================
Received Import Request.
  Time since last request: 1435.375529 seconds.
  path: Assets/script
  artifactKey: Guid(016ae7cc328c9694982afca0eff3819a) Importer(815301076,1909f56bfc062723c751e8b465ee728b)
Start importing Assets/script using Guid(016ae7cc328c9694982afca0eff3819a) Importer(815301076,1909f56bfc062723c751e8b465ee728b)  -> (artifact id: '443c617152d98e8e34a30f8670b04d8d') in 0.013128 seconds 
========================================================================
Received Import Request.
  Time since last request: 10.995920 seconds.
  path: Assets/script/inclinacion.cs
  artifactKey: Guid(6faf5188cf4ac2d4680a3b6190992d68) Importer(815301076,1909f56bfc062723c751e8b465ee728b)
Start importing Assets/script/inclinacion.cs using Guid(6faf5188cf4ac2d4680a3b6190992d68) Importer(815301076,1909f56bfc062723c751e8b465ee728b)  -> (artifact id: '9f19f2794e35a3dc79ca34cc738670b8') in 0.024582 seconds 
========================================================================
Received Prepare
Registering precompiled user dll's ...
Registered in 0.005890 seconds.
Begin MonoManager ReloadAssembly
Symbol file LoadedFromMemory doesn't match image C:\Users\emili\clonar\Simulacion\Bici2\Library\PackageCache\com.unity.visualscripting@1.7.8\Editor\VisualScripting.Core\Dependencies\YamlDotNet\Unity.VisualScripting.YamlDotNet.dll
Symbol file LoadedFromMemory doesn't match image C:\Users\emili\clonar\Simulacion\Bici2\Library\PackageCache\com.unity.visualscripting@1.7.8\Editor\VisualScripting.Core\Dependencies\DotNetZip\Unity.VisualScripting.IonicZip.dll
Native extension for WindowsStandalone target not found
Refreshing native plugins compatible for Editor in 0.71 ms, found 3 plugins.
Preloading 0 native plugins for Editor in 0.00 ms.
Mono: successfully reloaded assembly
- Completed reload, in  1.097 seconds
Domain Reload Profiling:
	ReloadAssembly (1097ms)
		BeginReloadAssembly (139ms)
			ExecutionOrderSort (0ms)
			DisableScriptedObjects (6ms)
			BackupInstance (0ms)
			ReleaseScriptingObjects (0ms)
			CreateAndSetChildDomain (37ms)
		EndReloadAssembly (836ms)
			LoadAssemblies (109ms)
			RebuildTransferFunctionScriptingTraits (0ms)
			SetupTypeCache (245ms)
			ReleaseScriptCaches (1ms)
			RebuildScriptCaches (41ms)
			SetupLoadedEditorAssemblies (385ms)
				LogAssemblyErrors (0ms)
				InitializePlatformSupportModulesInManaged (13ms)
				SetLoadedEditorAssemblies (1ms)
				RefreshPlugins (1ms)
				BeforeProcessingInitializeOnLoad (68ms)
				ProcessInitializeOnLoadAttributes (264ms)
				ProcessInitializeOnLoadMethodAttributes (30ms)
				AfterProcessingInitializeOnLoad (9ms)
				EditorAssembliesLoaded (0ms)
			ExecutionOrderSort2 (0ms)
			AwakeInstancesAfterBackupRestoration (9ms)
Platform modules already initialized, skipping
Refreshing native plugins compatible for Editor in 3.83 ms, found 3 plugins.
Preloading 0 native plugins for Editor in 0.00 ms.
Unloading 3532 Unused Serialized files (Serialized files now loaded: 0)
Unloading 31 unused Assets / (0.6 MB). Loaded Objects now: 4050.
Memory consumption went from 138.7 MB to 138.1 MB.
Total: 4.458400 ms (FindLiveObjects: 0.289300 ms CreateObjectMapping: 0.246200 ms MarkObjects: 3.685600 ms  DeleteObjects: 0.235800 ms)

AssetImportParameters requested are different than current active one (requested -> active):
  custom:video-decoder-ogg-theora: a1e56fd34408186e4bbccfd4996cb3dc -> 
  custom:container-muxer-webm: aa71ff27fc2769a1b78a27578f13a17b -> 
  custom:container-demuxer-webm: 4f35f7cbe854078d1ac9338744f61a02 -> 
  custom:video-encoder-webm-vp8: eb34c28f22e8b96e1ab97ce403110664 -> 
  custom:audio-encoder-webm-vorbis: bf7c407c2cedff20999df2af8eb42d56 -> 
  custom:framework-win-MediaFoundation: 216162199b28c13a410421893ffa2e32 -> 
  custom:container-demuxer-ogg: 62fdf1f143b41e24485cea50d1cbac27 -> 
  custom:video-decoder-webm-vp8: 9c59270c3fd7afecdb556c50c9e8de78 -> 
  custom:audio-decoder-ogg-vorbis: bf7c407c2cedff20999df2af8eb42d56 -> 
========================================================================
Received Prepare
Registering precompiled user dll's ...
Registered in 0.006986 seconds.
Begin MonoManager ReloadAssembly
Symbol file LoadedFromMemory doesn't match image C:\Users\emili\clonar\Simulacion\Bici2\Library\PackageCache\com.unity.visualscripting@1.7.8\Editor\VisualScripting.Core\Dependencies\YamlDotNet\Unity.VisualScripting.YamlDotNet.dll
Symbol file LoadedFromMemory doesn't match image C:\Users\emili\clonar\Simulacion\Bici2\Library\PackageCache\com.unity.visualscripting@1.7.8\Editor\VisualScripting.Core\Dependencies\DotNetZip\Unity.VisualScripting.IonicZip.dll
Native extension for WindowsStandalone target not found
Refreshing native plugins compatible for Editor in 0.71 ms, found 3 plugins.
Preloading 0 native plugins for Editor in 0.00 ms.
Mono: successfully reloaded assembly
- Completed reload, in  1.049 seconds
Domain Reload Profiling:
	ReloadAssembly (1050ms)
		BeginReloadAssembly (143ms)
			ExecutionOrderSort (0ms)
			DisableScriptedObjects (6ms)
			BackupInstance (0ms)
			ReleaseScriptingObjects (0ms)
			CreateAndSetChildDomain (38ms)
		EndReloadAssembly (774ms)
			LoadAssemblies (97ms)
			RebuildTransferFunctionScriptingTraits (0ms)
			SetupTypeCache (231ms)
			ReleaseScriptCaches (1ms)
			RebuildScriptCaches (39ms)
			SetupLoadedEditorAssemblies (376ms)
				LogAssemblyErrors (0ms)
				InitializePlatformSupportModulesInManaged (11ms)
				SetLoadedEditorAssemblies (0ms)
				RefreshPlugins (1ms)
				BeforeProcessingInitializeOnLoad (63ms)
				ProcessInitializeOnLoadAttributes (269ms)
				ProcessInitializeOnLoadMethodAttributes (26ms)
				AfterProcessingInitializeOnLoad (6ms)
				EditorAssembliesLoaded (0ms)
			ExecutionOrderSort2 (0ms)
			AwakeInstancesAfterBackupRestoration (6ms)
Platform modules already initialized, skipping
Refreshing native plugins compatible for Editor in 1.95 ms, found 3 plugins.
Preloading 0 native plugins for Editor in 0.00 ms.
Unloading 3531 Unused Serialized files (Serialized files now loaded: 0)
Unloading 32 unused Assets / (0.6 MB). Loaded Objects now: 4052.
Memory consumption went from 138.7 MB to 138.1 MB.
Total: 2.916000 ms (FindLiveObjects: 0.224700 ms CreateObjectMapping: 0.162000 ms MarkObjects: 2.357200 ms  DeleteObjects: 0.171000 ms)

AssetImportParameters requested are different than current active one (requested -> active):
  custom:video-decoder-ogg-theora: a1e56fd34408186e4bbccfd4996cb3dc -> 
  custom:container-muxer-webm: aa71ff27fc2769a1b78a27578f13a17b -> 
  custom:container-demuxer-webm: 4f35f7cbe854078d1ac9338744f61a02 -> 
  custom:video-encoder-webm-vp8: eb34c28f22e8b96e1ab97ce403110664 -> 
  custom:audio-encoder-webm-vorbis: bf7c407c2cedff20999df2af8eb42d56 -> 
  custom:framework-win-MediaFoundation: 216162199b28c13a410421893ffa2e32 -> 
  custom:container-demuxer-ogg: 62fdf1f143b41e24485cea50d1cbac27 -> 
  custom:video-decoder-webm-vp8: 9c59270c3fd7afecdb556c50c9e8de78 -> 
  custom:audio-decoder-ogg-vorbis: bf7c407c2cedff20999df2af8eb42d56 -> 
========================================================================
Received Prepare
Registering precompiled user dll's ...
Registered in 0.010725 seconds.
Begin MonoManager ReloadAssembly
Symbol file LoadedFromMemory doesn't match image C:\Users\emili\clonar\Simulacion\Bici2\Library\PackageCache\com.unity.visualscripting@1.7.8\Editor\VisualScripting.Core\Dependencies\YamlDotNet\Unity.VisualScripting.YamlDotNet.dll
Symbol file LoadedFromMemory doesn't match image C:\Users\emili\clonar\Simulacion\Bici2\Library\PackageCache\com.unity.visualscripting@1.7.8\Editor\VisualScripting.Core\Dependencies\DotNetZip\Unity.VisualScripting.IonicZip.dll
Native extension for WindowsStandalone target not found
Refreshing native plugins compatible for Editor in 0.80 ms, found 3 plugins.
Preloading 0 native plugins for Editor in 0.00 ms.
Mono: successfully reloaded assembly
- Completed reload, in  1.523 seconds
Domain Reload Profiling:
	ReloadAssembly (1524ms)
		BeginReloadAssembly (150ms)
			ExecutionOrderSort (0ms)
			DisableScriptedObjects (8ms)
			BackupInstance (0ms)
			ReleaseScriptingObjects (0ms)
			CreateAndSetChildDomain (39ms)
		EndReloadAssembly (1242ms)
			LoadAssemblies (108ms)
			RebuildTransferFunctionScriptingTraits (0ms)
			SetupTypeCache (399ms)
			ReleaseScriptCaches (2ms)
			RebuildScriptCaches (130ms)
			SetupLoadedEditorAssemblies (551ms)
				LogAssemblyErrors (0ms)
				InitializePlatformSupportModulesInManaged (14ms)
				SetLoadedEditorAssemblies (1ms)
				RefreshPlugins (1ms)
				BeforeProcessingInitializeOnLoad (110ms)
				ProcessInitializeOnLoadAttributes (355ms)
				ProcessInitializeOnLoadMethodAttributes (61ms)
				AfterProcessingInitializeOnLoad (10ms)
				EditorAssembliesLoaded (0ms)
			ExecutionOrderSort2 (0ms)
			AwakeInstancesAfterBackupRestoration (9ms)
Platform modules already initialized, skipping
Refreshing native plugins compatible for Editor in 2.26 ms, found 3 plugins.
Preloading 0 native plugins for Editor in 0.00 ms.
Unloading 3956 Unused Serialized files (Serialized files now loaded: 0)
Unloading 38 unused Assets / (0.6 MB). Loaded Objects now: 4473.
Memory consumption went from 165.4 MB to 164.7 MB.
Total: 3.724600 ms (FindLiveObjects: 0.244100 ms CreateObjectMapping: 0.188100 ms MarkObjects: 3.027600 ms  DeleteObjects: 0.264200 ms)

AssetImportParameters requested are different than current active one (requested -> active):
  custom:video-decoder-ogg-theora: a1e56fd34408186e4bbccfd4996cb3dc -> 
  custom:container-muxer-webm: aa71ff27fc2769a1b78a27578f13a17b -> 
  custom:container-demuxer-webm: 4f35f7cbe854078d1ac9338744f61a02 -> 
  custom:video-encoder-webm-vp8: eb34c28f22e8b96e1ab97ce403110664 -> 
  custom:audio-encoder-webm-vorbis: bf7c407c2cedff20999df2af8eb42d56 -> 
  custom:framework-win-MediaFoundation: 216162199b28c13a410421893ffa2e32 -> 
  custom:container-demuxer-ogg: 62fdf1f143b41e24485cea50d1cbac27 -> 
  custom:video-decoder-webm-vp8: 9c59270c3fd7afecdb556c50c9e8de78 -> 
  custom:audio-decoder-ogg-vorbis: bf7c407c2cedff20999df2af8eb42d56 -> 
========================================================================
Received Prepare
Registering precompiled user dll's ...
Registered in 0.009912 seconds.
Begin MonoManager ReloadAssembly
Symbol file LoadedFromMemory doesn't match image C:\Users\emili\clonar\Simulacion\Bici2\Library\PackageCache\com.unity.visualscripting@1.7.8\Editor\VisualScripting.Core\Dependencies\YamlDotNet\Unity.VisualScripting.YamlDotNet.dll
Symbol file LoadedFromMemory doesn't match image C:\Users\emili\clonar\Simulacion\Bici2\Library\PackageCache\com.unity.visualscripting@1.7.8\Editor\VisualScripting.Core\Dependencies\DotNetZip\Unity.VisualScripting.IonicZip.dll
Native extension for WindowsStandalone target not found
Refreshing native plugins compatible for Editor in 0.82 ms, found 3 plugins.
Preloading 0 native plugins for Editor in 0.00 ms.
Mono: successfully reloaded assembly
- Completed reload, in  1.135 seconds
Domain Reload Profiling:
	ReloadAssembly (1136ms)
		BeginReloadAssembly (130ms)
			ExecutionOrderSort (0ms)
			DisableScriptedObjects (6ms)
			BackupInstance (0ms)
			ReleaseScriptingObjects (0ms)
			CreateAndSetChildDomain (35ms)
		EndReloadAssembly (901ms)
			LoadAssemblies (84ms)
			RebuildTransferFunctionScriptingTraits (0ms)
			SetupTypeCache (258ms)
			ReleaseScriptCaches (1ms)
			RebuildScriptCaches (43ms)
			SetupLoadedEditorAssemblies (463ms)
				LogAssemblyErrors (0ms)
				InitializePlatformSupportModulesInManaged (13ms)
				SetLoadedEditorAssemblies (0ms)
				RefreshPlugins (1ms)
				BeforeProcessingInitializeOnLoad (75ms)
				ProcessInitializeOnLoadAttributes (331ms)
				ProcessInitializeOnLoadMethodAttributes (34ms)
				AfterProcessingInitializeOnLoad (8ms)
				EditorAssembliesLoaded (0ms)
			ExecutionOrderSort2 (0ms)
			AwakeInstancesAfterBackupRestoration (9ms)
Platform modules already initialized, skipping
Refreshing native plugins compatible for Editor in 2.17 ms, found 3 plugins.
Preloading 0 native plugins for Editor in 0.00 ms.
Unloading 3969 Unused Serialized files (Serialized files now loaded: 0)
Unloading 38 unused Assets / (0.6 MB). Loaded Objects now: 4489.
Memory consumption went from 166.2 MB to 165.5 MB.
Total: 3.083900 ms (FindLiveObjects: 0.244500 ms CreateObjectMapping: 0.187900 ms MarkObjects: 2.464500 ms  DeleteObjects: 0.186200 ms)

AssetImportParameters requested are different than current active one (requested -> active):
  custom:video-decoder-ogg-theora: a1e56fd34408186e4bbccfd4996cb3dc -> 
  custom:container-muxer-webm: aa71ff27fc2769a1b78a27578f13a17b -> 
  custom:container-demuxer-webm: 4f35f7cbe854078d1ac9338744f61a02 -> 
  custom:video-encoder-webm-vp8: eb34c28f22e8b96e1ab97ce403110664 -> 
  custom:audio-encoder-webm-vorbis: bf7c407c2cedff20999df2af8eb42d56 -> 
  custom:framework-win-MediaFoundation: 216162199b28c13a410421893ffa2e32 -> 
  custom:container-demuxer-ogg: 62fdf1f143b41e24485cea50d1cbac27 -> 
  custom:video-decoder-webm-vp8: 9c59270c3fd7afecdb556c50c9e8de78 -> 
  custom:audio-decoder-ogg-vorbis: bf7c407c2cedff20999df2af8eb42d56 -> 
========================================================================
Received Import Request.
  Time since last request: 235.013852 seconds.
  path: Assets/Simple Bicycle Physics/Animations
  artifactKey: Guid(97f65d1a63619784f937c1b6dbc7d46b) Importer(815301076,1909f56bfc062723c751e8b465ee728b)
Start importing Assets/Simple Bicycle Physics/Animations using Guid(97f65d1a63619784f937c1b6dbc7d46b) Importer(815301076,1909f56bfc062723c751e8b465ee728b)  -> (artifact id: '53c5ad72fefa732217231ec6f2425c19') in 0.011940 seconds 
========================================================================
Received Import Request.
  Time since last request: 2.579655 seconds.
  path: Assets/Simple Bicycle Physics/Animations/Reverse.anim
  artifactKey: Guid(3a643e51e2881f54a9047e317fd240fe) Importer(815301076,1909f56bfc062723c751e8b465ee728b)
Start importing Assets/Simple Bicycle Physics/Animations/Reverse.anim using Guid(3a643e51e2881f54a9047e317fd240fe) Importer(815301076,1909f56bfc062723c751e8b465ee728b)  -> (artifact id: '40d794d1f8478d18f775ee30f9feff75') in 0.018512 seconds 
========================================================================
Received Import Request.
  Time since last request: 0.712982 seconds.
  path: Assets/Simple Bicycle Physics/Animations/RagdollAnim.controller
  artifactKey: Guid(274d2aa08dc4bae42a56dea51b47c2d3) Importer(815301076,1909f56bfc062723c751e8b465ee728b)
Start importing Assets/Simple Bicycle Physics/Animations/RagdollAnim.controller using Guid(274d2aa08dc4bae42a56dea51b47c2d3) Importer(815301076,1909f56bfc062723c751e8b465ee728b)  -> (artifact id: '73cf8d807eae27aed3c07626a27dfb33') in 0.012984 seconds 
========================================================================
Received Import Request.
  Time since last request: 1.443136 seconds.
  path: Assets/Simple Bicycle Physics/Animations/ProtectRagdoll.anim
  artifactKey: Guid(5992c0218efd33642bacfff9d47a4832) Importer(815301076,1909f56bfc062723c751e8b465ee728b)
Start importing Assets/Simple Bicycle Physics/Animations/ProtectRagdoll.anim using Guid(5992c0218efd33642bacfff9d47a4832) Importer(815301076,1909f56bfc062723c751e8b465ee728b)  -> (artifact id: '88a40ff5e5d86c42f112e3a8770fd4b9') in 0.011059 seconds 
========================================================================
Received Import Request.
  Time since last request: 1.802161 seconds.
  path: Assets/Simple Bicycle Physics/Animations/OnOffBike.anim
  artifactKey: Guid(27d40b5fd361cb644a9f6156e06f6ded) Importer(815301076,1909f56bfc062723c751e8b465ee728b)
Start importing Assets/Simple Bicycle Physics/Animations/OnOffBike.anim using Guid(27d40b5fd361cb644a9f6156e06f6ded) Importer(815301076,1909f56bfc062723c751e8b465ee728b)  -> (artifact id: 'e360ace8f39a2a86a17ee64c934e867e') in 0.010007 seconds 
========================================================================
Received Import Request.
  Time since last request: 1.746361 seconds.
  path: Assets/Simple Bicycle Physics/Animations/IdleToStart.anim
  artifactKey: Guid(9bc192b2a08b22d4283976390048fe20) Importer(815301076,1909f56bfc062723c751e8b465ee728b)
Start importing Assets/Simple Bicycle Physics/Animations/IdleToStart.anim using Guid(9bc192b2a08b22d4283976390048fe20) Importer(815301076,1909f56bfc062723c751e8b465ee728b)  -> (artifact id: 'adf24460c4938e18849aabffab755dc4') in 0.010599 seconds 
========================================================================
Received Import Request.
  Time since last request: 0.615974 seconds.
  path: Assets/Simple Bicycle Physics/Animations/Idle.anim
  artifactKey: Guid(fed0a9410602e264f82d9489961dacc2) Importer(815301076,1909f56bfc062723c751e8b465ee728b)
Start importing Assets/Simple Bicycle Physics/Animations/Idle.anim using Guid(fed0a9410602e264f82d9489961dacc2) Importer(815301076,1909f56bfc062723c751e8b465ee728b)  -> (artifact id: 'e118b05e5f5f38a102b03b6270d2da92') in 0.010270 seconds 
========================================================================
Received Import Request.
  Time since last request: 0.697470 seconds.
  path: Assets/Simple Bicycle Physics/Animations/CyclistAnimController.controller
  artifactKey: Guid(4e6f03ff9f26ccb4a8c1d9fe285f9fb0) Importer(815301076,1909f56bfc062723c751e8b465ee728b)
Start importing Assets/Simple Bicycle Physics/Animations/CyclistAnimController.controller using Guid(4e6f03ff9f26ccb4a8c1d9fe285f9fb0) Importer(815301076,1909f56bfc062723c751e8b465ee728b)  -> (artifact id: 'c599b4e05b49b6a1b7629fbd15361a75') in 0.019764 seconds 
========================================================================
Received Import Request.
  Time since last request: 1.539095 seconds.
  path: Assets/Simple Bicycle Physics/Editor/CrashDummy.prefab
  artifactKey: Guid(6aaf15c16f1bb2e42a674316c91aecc2) Importer(815301076,1909f56bfc062723c751e8b465ee728b)
Start importing Assets/Simple Bicycle Physics/Editor/CrashDummy.prefab using Guid(6aaf15c16f1bb2e42a674316c91aecc2) Importer(815301076,1909f56bfc062723c751e8b465ee728b)  -> (artifact id: '14a0a352fab648db43dd38aec74de9f4') in 0.282658 seconds 
========================================================================
Received Import Request.
  Time since last request: 0.000019 seconds.
  path: Assets/Simple Bicycle Physics/Editor/TemplatePrefab.prefab
  artifactKey: Guid(ef76de3d013ad1849af8deef39c300c0) Importer(815301076,1909f56bfc062723c751e8b465ee728b)
Start importing Assets/Simple Bicycle Physics/Editor/TemplatePrefab.prefab using Guid(ef76de3d013ad1849af8deef39c300c0) Importer(815301076,1909f56bfc062723c751e8b465ee728b)  -> (artifact id: '0abf6dd50add9e6748b5d4ef09b43dfb') in 0.324175 seconds 
========================================================================
Received Import Request.
  Time since last request: 3.478154 seconds.
  path: Assets/Simple Bicycle Physics/Editor
  artifactKey: Guid(c080a220e5724d24baed69c5e6df2277) Importer(815301076,1909f56bfc062723c751e8b465ee728b)
Start importing Assets/Simple Bicycle Physics/Editor using Guid(c080a220e5724d24baed69c5e6df2277) Importer(815301076,1909f56bfc062723c751e8b465ee728b)  -> (artifact id: 'ae72325061ce5bf266742e69ce093f4e') in 0.005469 seconds 
========================================================================
Received Import Request.
  Time since last request: 1.823529 seconds.
  path: Assets/Simple Bicycle Physics/Editor/CyclistSetup.cs
  artifactKey: Guid(873f6a5d40ee42f418ce5e19dd8d4145) Importer(815301076,1909f56bfc062723c751e8b465ee728b)
Start importing Assets/Simple Bicycle Physics/Editor/CyclistSetup.cs using Guid(873f6a5d40ee42f418ce5e19dd8d4145) Importer(815301076,1909f56bfc062723c751e8b465ee728b)  -> (artifact id: 'f4090047013516ebe8e2168eb3807550') in 0.005905 seconds 
========================================================================
Received Import Request.
  Time since last request: 1.652429 seconds.
  path: Assets/Simple Bicycle Physics/Editor/SaveBicycleReplay.cs
  artifactKey: Guid(ff3e7c54176803e4b8d0fb67375345ae) Importer(815301076,1909f56bfc062723c751e8b465ee728b)
Start importing Assets/Simple Bicycle Physics/Editor/SaveBicycleReplay.cs using Guid(ff3e7c54176803e4b8d0fb67375345ae) Importer(815301076,1909f56bfc062723c751e8b465ee728b)  -> (artifact id: 'f0238a1b4235656ecf24779547e3f0ff') in 0.006098 seconds 
========================================================================
Received Import Request.
  Time since last request: 14.091117 seconds.
  path: Assets/Simple Bicycle Physics/Physics Materials
  artifactKey: Guid(da714a8c585748e41b1acd7b9b769fda) Importer(815301076,1909f56bfc062723c751e8b465ee728b)
Start importing Assets/Simple Bicycle Physics/Physics Materials using Guid(da714a8c585748e41b1acd7b9b769fda) Importer(815301076,1909f56bfc062723c751e8b465ee728b)  -> (artifact id: '0104720c411b878014126a8e118ded13') in 0.007303 seconds 
========================================================================
Received Import Request.
  Time since last request: 0.036604 seconds.
  path: Assets/Simple Bicycle Physics/Physics Materials/FrontTyreFriction.physicMaterial
  artifactKey: Guid(585d95f742f5dfa4bb2e1584712c112d) Importer(815301076,1909f56bfc062723c751e8b465ee728b)
Start importing Assets/Simple Bicycle Physics/Physics Materials/FrontTyreFriction.physicMaterial using Guid(585d95f742f5dfa4bb2e1584712c112d) Importer(815301076,1909f56bfc062723c751e8b465ee728b)  -> (artifact id: '4135bcf8c9558004142ca54ecf98f143') in 0.007769 seconds 
========================================================================
Received Import Request.
  Time since last request: 0.000019 seconds.
  path: Assets/Simple Bicycle Physics/Physics Materials/Terrain.physicMaterial
  artifactKey: Guid(cbe0f5ce1b03d3347bcd95db93bf5965) Importer(815301076,1909f56bfc062723c751e8b465ee728b)
Start importing Assets/Simple Bicycle Physics/Physics Materials/Terrain.physicMaterial using Guid(cbe0f5ce1b03d3347bcd95db93bf5965) Importer(815301076,1909f56bfc062723c751e8b465ee728b)  -> (artifact id: '09b2c58f23177823cb7174216ea39f14') in 0.006262 seconds 
========================================================================
Received Import Request.
  Time since last request: 8.644713 seconds.
  path: Assets/Simple Bicycle Physics/Models/BicycleModel.fbx
  artifactKey: Guid(e6c0559dc956de64aa839288488d4f1f) Importer(815301076,1909f56bfc062723c751e8b465ee728b)
Start importing Assets/Simple Bicycle Physics/Models/BicycleModel.fbx using Guid(e6c0559dc956de64aa839288488d4f1f) Importer(815301076,1909f56bfc062723c751e8b465ee728b)  -> (artifact id: 'ef8c1dceb0ed65d306eeaf115650fa4a') in 0.202179 seconds 
========================================================================
Received Import Request.
  Time since last request: 0.000030 seconds.
  path: Assets/Simple Bicycle Physics/Models/Old Bicycle.fbx
  artifactKey: Guid(c1b0d66f2b50f5b499c593731ec1ba58) Importer(815301076,1909f56bfc062723c751e8b465ee728b)
Start importing Assets/Simple Bicycle Physics/Models/Old Bicycle.fbx using Guid(c1b0d66f2b50f5b499c593731ec1ba58) Importer(815301076,1909f56bfc062723c751e8b465ee728b)  -> (artifact id: '720c227f5541c9a087a7fdf13a6addc9') in 0.130823 seconds 
========================================================================
Received Import Request.
  Time since last request: 0.000040 seconds.
  path: Assets/Simple Bicycle Physics/Models/TrialBike.fbx
  artifactKey: Guid(720294b723d10a047850a04c18780444) Importer(815301076,1909f56bfc062723c751e8b465ee728b)
Start importing Assets/Simple Bicycle Physics/Models/TrialBike.fbx using Guid(720294b723d10a047850a04c18780444) Importer(815301076,1909f56bfc062723c751e8b465ee728b)  -> (artifact id: '9e37c2bd998f5b8f35d1c86e3e26ce69') in 0.191973 seconds 
========================================================================
Received Import Request.
  Time since last request: 0.000025 seconds.
  path: Assets/Simple Bicycle Physics/Models/MtbBiker3.fbx
  artifactKey: Guid(4083b38c95591224c89d1b9611bbbd3a) Importer(815301076,1909f56bfc062723c751e8b465ee728b)
Start importing Assets/Simple Bicycle Physics/Models/MtbBiker3.fbx using Guid(4083b38c95591224c89d1b9611bbbd3a) Importer(815301076,1909f56bfc062723c751e8b465ee728b)  -> (artifact id: '13cb87d3d7157586ebe3f892000a976c') in 0.097566 seconds 
========================================================================
Received Import Request.
  Time since last request: 0.000031 seconds.
  path: Assets/Simple Bicycle Physics/Models/Mountain Bike.fbx
  artifactKey: Guid(2c5aa5285942e1f438e7f7703f9b8b88) Importer(815301076,1909f56bfc062723c751e8b465ee728b)
Start importing Assets/Simple Bicycle Physics/Models/Mountain Bike.fbx using Guid(2c5aa5285942e1f438e7f7703f9b8b88) Importer(815301076,1909f56bfc062723c751e8b465ee728b)  -> (artifact id: '7b61dbdc71e75b6b298a9fb474920684') in 0.168750 seconds 
========================================================================
Received Import Request.
  Time since last request: 0.000036 seconds.
  path: Assets/Simple Bicycle Physics/Models/Tricycle.fbx
  artifactKey: Guid(f9e00a6f1320d004a88e911981391e96) Importer(815301076,1909f56bfc062723c751e8b465ee728b)
Start importing Assets/Simple Bicycle Physics/Models/Tricycle.fbx using Guid(f9e00a6f1320d004a88e911981391e96) Importer(815301076,1909f56bfc062723c751e8b465ee728b)  -> (artifact id: '16b0d17ac740ce45a73873b518abb895') in 0.123466 seconds 
========================================================================
Received Import Request.
  Time since last request: 0.000030 seconds.
  path: Assets/Simple Bicycle Physics/Models/CrashDummy.fbx
  artifactKey: Guid(a820be30f3d100640b9ffa2b0555086a) Importer(815301076,1909f56bfc062723c751e8b465ee728b)
Start importing Assets/Simple Bicycle Physics/Models/CrashDummy.fbx using Guid(a820be30f3d100640b9ffa2b0555086a) Importer(815301076,1909f56bfc062723c751e8b465ee728b)  -> (artifact id: 'a314207e2e7d90da8d152d53a53cde82') in 0.033820 seconds 
========================================================================
Received Import Request.
  Time since last request: 0.000022 seconds.
  path: Assets/Simple Bicycle Physics/Models/Fatbike.fbx
  artifactKey: Guid(8741a4834c273fa48a0a1e6ba0cef59a) Importer(815301076,1909f56bfc062723c751e8b465ee728b)
Start importing Assets/Simple Bicycle Physics/Models/Fatbike.fbx using Guid(8741a4834c273fa48a0a1e6ba0cef59a) Importer(815301076,1909f56bfc062723c751e8b465ee728b)  -> (artifact id: '66fd1a639a31a1222d9f2cd5d6302ed1') in 0.199912 seconds 
Editor requested this worker to shutdown with reason: Scaling down because of idle timeout
AssetImportWorker is now disconnected from the server
Process exiting
Exiting without the bug reporter. Application will terminate with return code 0