Using pre-set license
Built from '2021.3/release' branch; Version is '2021.3.12f1 (8af3c3e441b1) revision 9106371'; Using compiler version '192829333'; Build Type 'Release'
OS: 'Windows 10  (10.0.19044) 64bit CoreSingleLanguage' Language: 'es' Physical Memory: 10153 MB
BatchMode: 1, IsHumanControllingUs: 0, StartBugReporterOnCrash: 0, Is64bit: 1, IsPro: 1

COMMAND LINE ARGUMENTS:
D:\Program Files\2021.3.12f1\Editor\Unity.exe
-adb2
-batchMode
-noUpm
-name
AssetImportWorker7
-projectPath
D:/Cristian/Documents/Simulacion/Bici2
-logFile
Logs/AssetImportWorker7.log
-srvPort
51304
Successfully changed project path to: D:/Cristian/Documents/Simulacion/Bici2
D:/Cristian/Documents/Simulacion/Bici2
[UnityMemory] Configuration Parameters - Can be set up in boot.config
    "memorysetup-bucket-allocator-granularity=16"
    "memorysetup-bucket-allocator-bucket-count=8"
    "memorysetup-bucket-allocator-block-size=33554432"
    "memorysetup-bucket-allocator-block-count=8"
    "memorysetup-main-allocator-block-size=16777216"
    "memorysetup-thread-allocator-block-size=16777216"
    "memorysetup-gfx-main-allocator-block-size=16777216"
    "memorysetup-gfx-thread-allocator-block-size=16777216"
    "memorysetup-cache-allocator-block-size=4194304"
    "memorysetup-typetree-allocator-block-size=2097152"
    "memorysetup-profiler-bucket-allocator-granularity=16"
    "memorysetup-profiler-bucket-allocator-bucket-count=8"
    "memorysetup-profiler-bucket-allocator-block-size=33554432"
    "memorysetup-profiler-bucket-allocator-block-count=8"
    "memorysetup-profiler-allocator-block-size=16777216"
    "memorysetup-profiler-editor-allocator-block-size=1048576"
    "memorysetup-temp-allocator-size-main=16777216"
    "memorysetup-job-temp-allocator-block-size=2097152"
    "memorysetup-job-temp-allocator-block-size-background=1048576"
    "memorysetup-job-temp-allocator-reduction-small-platforms=262144"
    "memorysetup-temp-allocator-size-background-worker=32768"
    "memorysetup-temp-allocator-size-job-worker=262144"
    "memorysetup-temp-allocator-size-preload-manager=33554432"
    "memorysetup-temp-allocator-size-nav-mesh-worker=65536"
    "memorysetup-temp-allocator-size-audio-worker=65536"
    "memorysetup-temp-allocator-size-cloud-worker=32768"
    "memorysetup-temp-allocator-size-gi-baking-worker=262144"
    "memorysetup-temp-allocator-size-gfx=262144"
Refreshing native plugins compatible for Editor in 263.84 ms, found 3 plugins.
Preloading 0 native plugins for Editor in 0.00 ms.
Initialize engine version: 2021.3.12f1 (8af3c3e441b1)
[Subsystems] Discovering subsystems at path D:/Program Files/2021.3.12f1/Editor/Data/Resources/UnitySubsystems
[Subsystems] Discovering subsystems at path D:/Cristian/Documents/Simulacion/Bici2/Assets
GfxDevice: creating device client; threaded=0; jobified=0
Direct3D:
    Version:  Direct3D 11.0 [level 11.1]
    Renderer: AMD Radeon(TM) Vega 6 Graphics (ID=0x15d8)
    Vendor:   ATI
    VRAM:     5076 MB
    Driver:   26.20.11028.0
Initialize mono
Mono path[0] = 'D:/Program Files/2021.3.12f1/Editor/Data/Managed'
Mono path[1] = 'D:/Program Files/2021.3.12f1/Editor/Data/MonoBleedingEdge/lib/mono/unityjit-win32'
Mono config path = 'D:/Program Files/2021.3.12f1/Editor/Data/MonoBleedingEdge/etc'
Using monoOptions --debugger-agent=transport=dt_socket,embedding=1,server=y,suspend=n,address=127.0.0.1:56420
Begin MonoManager ReloadAssembly
Registering precompiled unity dll's ...
Register platform support module: D:/Program Files/2021.3.12f1/Editor/Data/PlaybackEngines/AndroidPlayer/UnityEditor.Android.Extensions.dll
Register platform support module: D:/Program Files/2021.3.12f1/Editor/Data/PlaybackEngines/WindowsStandaloneSupport/UnityEditor.WindowsStandalone.Extensions.dll
Registered in 0.007030 seconds.
Native extension for WindowsStandalone target not found
Native extension for Android target not found
Refreshing native plugins compatible for Editor in 165.49 ms, found 3 plugins.
Preloading 0 native plugins for Editor in 0.00 ms.
Mono: successfully reloaded assembly
- Completed reload, in  1.505 seconds
Domain Reload Profiling:
	ReloadAssembly (1508ms)
		BeginReloadAssembly (211ms)
			ExecutionOrderSort (0ms)
			DisableScriptedObjects (0ms)
			BackupInstance (0ms)
			ReleaseScriptingObjects (0ms)
			CreateAndSetChildDomain (1ms)
		EndReloadAssembly (1077ms)
			LoadAssemblies (211ms)
			RebuildTransferFunctionScriptingTraits (0ms)
			SetupTypeCache (226ms)
			ReleaseScriptCaches (0ms)
			RebuildScriptCaches (76ms)
			SetupLoadedEditorAssemblies (675ms)
				LogAssemblyErrors (0ms)
				InitializePlatformSupportModulesInManaged (129ms)
				SetLoadedEditorAssemblies (1ms)
				RefreshPlugins (166ms)
				BeforeProcessingInitializeOnLoad (2ms)
				ProcessInitializeOnLoadAttributes (276ms)
				ProcessInitializeOnLoadMethodAttributes (102ms)
				AfterProcessingInitializeOnLoad (0ms)
				EditorAssembliesLoaded (0ms)
			ExecutionOrderSort2 (0ms)
			AwakeInstancesAfterBackupRestoration (0ms)
Platform modules already initialized, skipping
Registering precompiled user dll's ...
Registered in 0.020647 seconds.
Begin MonoManager ReloadAssembly
Symbol file LoadedFromMemory doesn't match image D:\Cristian\Documents\Simulacion\Bici2\Library\PackageCache\com.unity.visualscripting@1.7.8\Editor\VisualScripting.Core\Dependencies\YamlDotNet\Unity.VisualScripting.YamlDotNet.dll
Symbol file LoadedFromMemory doesn't match image D:\Cristian\Documents\Simulacion\Bici2\Library\PackageCache\com.unity.visualscripting@1.7.8\Editor\VisualScripting.Core\Dependencies\DotNetZip\Unity.VisualScripting.IonicZip.dll
Native extension for WindowsStandalone target not found
Native extension for Android target not found
Refreshing native plugins compatible for Editor in 141.46 ms, found 3 plugins.
Preloading 0 native plugins for Editor in 0.00 ms.
Mono: successfully reloaded assembly
- Completed reload, in  2.813 seconds
Domain Reload Profiling:
	ReloadAssembly (2814ms)
		BeginReloadAssembly (410ms)
			ExecutionOrderSort (0ms)
			DisableScriptedObjects (12ms)
			BackupInstance (0ms)
			ReleaseScriptingObjects (0ms)
			CreateAndSetChildDomain (152ms)
		EndReloadAssembly (2151ms)
			LoadAssemblies (283ms)
			RebuildTransferFunctionScriptingTraits (0ms)
			SetupTypeCache (622ms)
			ReleaseScriptCaches (2ms)
			RebuildScriptCaches (109ms)
			SetupLoadedEditorAssemblies (1122ms)
				LogAssemblyErrors (0ms)
				InitializePlatformSupportModulesInManaged (28ms)
				SetLoadedEditorAssemblies (0ms)
				RefreshPlugins (142ms)
				BeforeProcessingInitializeOnLoad (136ms)
				ProcessInitializeOnLoadAttributes (718ms)
				ProcessInitializeOnLoadMethodAttributes (88ms)
				AfterProcessingInitializeOnLoad (9ms)
				EditorAssembliesLoaded (0ms)
			ExecutionOrderSort2 (0ms)
			AwakeInstancesAfterBackupRestoration (15ms)
Platform modules already initialized, skipping
========================================================================
Worker process is ready to serve import requests
Launched and connected shader compiler UnityShaderCompiler.exe after 0.18 seconds
Refreshing native plugins compatible for Editor in 0.95 ms, found 3 plugins.
Preloading 0 native plugins for Editor in 0.00 ms.
Unloading 3572 Unused Serialized files (Serialized files now loaded: 0)
Unloading 48 unused Assets / (0.6 MB). Loaded Objects now: 4048.
Memory consumption went from 144.8 MB to 144.2 MB.
Total: 8.369400 ms (FindLiveObjects: 0.998300 ms CreateObjectMapping: 0.744700 ms MarkObjects: 6.265800 ms  DeleteObjects: 0.357600 ms)

AssetImportParameters requested are different than current active one (requested -> active):
  custom:video-decoder-ogg-theora: a1e56fd34408186e4bbccfd4996cb3dc -> 
  custom:container-muxer-webm: aa71ff27fc2769a1b78a27578f13a17b -> 
  custom:container-demuxer-webm: 4f35f7cbe854078d1ac9338744f61a02 -> 
  custom:video-encoder-webm-vp8: eb34c28f22e8b96e1ab97ce403110664 -> 
  custom:audio-encoder-webm-vorbis: bf7c407c2cedff20999df2af8eb42d56 -> 
  custom:framework-win-MediaFoundation: 216162199b28c13a410421893ffa2e32 -> 
  custom:container-demuxer-ogg: 62fdf1f143b41e24485cea50d1cbac27 -> 
  custom:video-decoder-webm-vp8: 9c59270c3fd7afecdb556c50c9e8de78 -> 
  custom:audio-decoder-ogg-vorbis: bf7c407c2cedff20999df2af8eb42d56 -> 
========================================================================
Received Import Request.
  Time since last request: 89568.914889 seconds.
  path: Assets/Single_detailed_truck/Prefabs/Truck.prefab
  artifactKey: Guid(b70eb1cf1be37564f8063fba2095584b) Importer(815301076,1909f56bfc062723c751e8b465ee728b)
Start importing Assets/Single_detailed_truck/Prefabs/Truck.prefab using Guid(b70eb1cf1be37564f8063fba2095584b) Importer(815301076,1909f56bfc062723c751e8b465ee728b)  -> (artifact id: 'bb5f39b9f33c58fcaad5266fe9c7c4a9') in 0.352645 seconds 
========================================================================
Received Import Request.
  Time since last request: 743.657938 seconds.
  path: Assets/POLYGON city pack/Prefabs/Props/air conditioner wall Prefab.prefab
  artifactKey: Guid(3efcc829b17627b42be7c2557c91a937) Importer(815301076,1909f56bfc062723c751e8b465ee728b)
Start importing Assets/POLYGON city pack/Prefabs/Props/air conditioner wall Prefab.prefab using Guid(3efcc829b17627b42be7c2557c91a937) Importer(815301076,1909f56bfc062723c751e8b465ee728b)  -> (artifact id: '6ad6c933c85bbe6cf81b5b7d39a298a7') in 0.137578 seconds 
========================================================================
Received Import Request.
  Time since last request: 0.000048 seconds.
  path: Assets/POLYGON city pack/Prefabs/Props/Bus stop pole prefabe.prefab
  artifactKey: Guid(937333d453eaea246af48ac0fc62b5e0) Importer(815301076,1909f56bfc062723c751e8b465ee728b)
Start importing Assets/POLYGON city pack/Prefabs/Props/Bus stop pole prefabe.prefab using Guid(937333d453eaea246af48ac0fc62b5e0) Importer(815301076,1909f56bfc062723c751e8b465ee728b)  -> (artifact id: '768e9a12d9d5a80c01564dec8bb1e84b') in 0.077378 seconds 
========================================================================
Received Import Request.
  Time since last request: 0.000053 seconds.
  path: Assets/POLYGON city pack/Prefabs/Props/Can_orange prefab.prefab
  artifactKey: Guid(fc7f1d4af8d817e4f98e42d198325d99) Importer(815301076,1909f56bfc062723c751e8b465ee728b)
Start importing Assets/POLYGON city pack/Prefabs/Props/Can_orange prefab.prefab using Guid(fc7f1d4af8d817e4f98e42d198325d99) Importer(815301076,1909f56bfc062723c751e8b465ee728b)  -> (artifact id: 'e4d239c853fd1508666afda2041a5c03') in 0.048565 seconds 
========================================================================
Received Import Request.
  Time since last request: 0.001470 seconds.
  path: Assets/POLYGON city pack/Prefabs/Props/Bus stop prefab.prefab
  artifactKey: Guid(30916da9dd66da74d8e831f29c0b250f) Importer(815301076,1909f56bfc062723c751e8b465ee728b)
Start importing Assets/POLYGON city pack/Prefabs/Props/Bus stop prefab.prefab using Guid(30916da9dd66da74d8e831f29c0b250f) Importer(815301076,1909f56bfc062723c751e8b465ee728b)  -> (artifact id: 'ff175aed984d592994e4da4b3f8ee74e') in 0.087844 seconds 
========================================================================
Received Import Request.
  Time since last request: 0.000328 seconds.
  path: Assets/POLYGON city pack/Prefabs/Props/BurgerSho_Sign prefab.prefab
  artifactKey: Guid(331204bcfe96d5f4d83f7bdf75ea0873) Importer(815301076,1909f56bfc062723c751e8b465ee728b)
Start importing Assets/POLYGON city pack/Prefabs/Props/BurgerSho_Sign prefab.prefab using Guid(331204bcfe96d5f4d83f7bdf75ea0873) Importer(815301076,1909f56bfc062723c751e8b465ee728b)  -> (artifact id: '181fc5cd5a0c1be47cd4ccf114274545') in 0.037665 seconds 
========================================================================
Received Import Request.
  Time since last request: 0.000046 seconds.
  path: Assets/POLYGON city pack/Prefabs/Props/Dynamic_power_pole_cable prefab.prefab
  artifactKey: Guid(0a804f15ce1f1d34eabed72f25b3d732) Importer(815301076,1909f56bfc062723c751e8b465ee728b)
Start importing Assets/POLYGON city pack/Prefabs/Props/Dynamic_power_pole_cable prefab.prefab using Guid(0a804f15ce1f1d34eabed72f25b3d732) Importer(815301076,1909f56bfc062723c751e8b465ee728b)  -> (artifact id: '3ab6e7c23e63f7dae84b76fb711be007') in 0.051040 seconds 
========================================================================
Received Import Request.
  Time since last request: 0.000051 seconds.
  path: Assets/POLYGON city pack/Prefabs/Props/bench prefab.prefab
  artifactKey: Guid(80c5916b9606ce646be16611d9a06d13) Importer(815301076,1909f56bfc062723c751e8b465ee728b)
Start importing Assets/POLYGON city pack/Prefabs/Props/bench prefab.prefab using Guid(80c5916b9606ce646be16611d9a06d13) Importer(815301076,1909f56bfc062723c751e8b465ee728b)  -> (artifact id: 'fe819282e03fabe5f4a5e88439294051') in 0.032698 seconds 
========================================================================
Received Import Request.
  Time since last request: 0.000081 seconds.
  path: Assets/POLYGON city pack/Prefabs/Props/Bench 2 prefab.prefab
  artifactKey: Guid(c954a7e383194f246b3502f6c815acb4) Importer(815301076,1909f56bfc062723c751e8b465ee728b)
Start importing Assets/POLYGON city pack/Prefabs/Props/Bench 2 prefab.prefab using Guid(c954a7e383194f246b3502f6c815acb4) Importer(815301076,1909f56bfc062723c751e8b465ee728b)  -> (artifact id: '71fb6adf5cad168a4be97c4250eeaba2') in 0.020871 seconds 
========================================================================
Received Import Request.
  Time since last request: 0.000029 seconds.
  path: Assets/POLYGON city pack/Prefabs/Props/drain 2 prefab.prefab
  artifactKey: Guid(cc198c66ba240c946b6f10f40c60795a) Importer(815301076,1909f56bfc062723c751e8b465ee728b)
Start importing Assets/POLYGON city pack/Prefabs/Props/drain 2 prefab.prefab using Guid(cc198c66ba240c946b6f10f40c60795a) Importer(815301076,1909f56bfc062723c751e8b465ee728b)  -> (artifact id: 'b5c53091f9a93c37ded75166e7b2cd60') in 0.026232 seconds 
========================================================================
Received Import Request.
  Time since last request: 0.000041 seconds.
  path: Assets/POLYGON city pack/Prefabs/Props/Bush 2 prefab.prefab
  artifactKey: Guid(6ebfc6898dc70814c86bb78d43e72a9c) Importer(815301076,1909f56bfc062723c751e8b465ee728b)
Start importing Assets/POLYGON city pack/Prefabs/Props/Bush 2 prefab.prefab using Guid(6ebfc6898dc70814c86bb78d43e72a9c) Importer(815301076,1909f56bfc062723c751e8b465ee728b)  -> (artifact id: 'd50581099cf25dfc2749e4c9a7c742eb') in 0.468987 seconds 
========================================================================
Received Import Request.
  Time since last request: 0.000083 seconds.
  path: Assets/POLYGON city pack/Prefabs/Props/Bin prefab.prefab
  artifactKey: Guid(dd28fe4d5eb7bcb479b5338f128cdf70) Importer(815301076,1909f56bfc062723c751e8b465ee728b)
Start importing Assets/POLYGON city pack/Prefabs/Props/Bin prefab.prefab using Guid(dd28fe4d5eb7bcb479b5338f128cdf70) Importer(815301076,1909f56bfc062723c751e8b465ee728b)  -> (artifact id: 'e52d0b46c9bd8487c5ed4e504d0c3023') in 0.030467 seconds 
========================================================================
Received Import Request.
  Time since last request: 0.000051 seconds.
  path: Assets/POLYGON city pack/Prefabs/Props/Can_lemon prefab.prefab
  artifactKey: Guid(af9d0903bfdf9c749ac85725af5631ec) Importer(815301076,1909f56bfc062723c751e8b465ee728b)
Start importing Assets/POLYGON city pack/Prefabs/Props/Can_lemon prefab.prefab using Guid(af9d0903bfdf9c749ac85725af5631ec) Importer(815301076,1909f56bfc062723c751e8b465ee728b)  -> (artifact id: 'c04f1e223a54dee2eb7d3d007a49fe81') in 0.038585 seconds 
========================================================================
Received Import Request.
  Time since last request: 0.000046 seconds.
  path: Assets/POLYGON city pack/Prefabs/Props/drain 1 prefab.prefab
  artifactKey: Guid(0222be6389069a24db934273f2a9f031) Importer(815301076,1909f56bfc062723c751e8b465ee728b)
Start importing Assets/POLYGON city pack/Prefabs/Props/drain 1 prefab.prefab using Guid(0222be6389069a24db934273f2a9f031) Importer(815301076,1909f56bfc062723c751e8b465ee728b)  -> (artifact id: 'bb14c1f87ad7b89b303d2a2385200f6e') in 0.031441 seconds 
========================================================================
Received Import Request.
  Time since last request: 0.000048 seconds.
  path: Assets/POLYGON city pack/Prefabs/Props/fence c prefab.prefab
  artifactKey: Guid(6c59ef0028580ac429571adf93ff0a16) Importer(815301076,1909f56bfc062723c751e8b465ee728b)
Start importing Assets/POLYGON city pack/Prefabs/Props/fence c prefab.prefab using Guid(6c59ef0028580ac429571adf93ff0a16) Importer(815301076,1909f56bfc062723c751e8b465ee728b)  -> (artifact id: '1b2cd4ca15fe9305041b67a5c7ab6842') in 0.035788 seconds 
========================================================================
Received Import Request.
  Time since last request: 1.411380 seconds.
  path: Assets/POLYGON city pack/Prefabs/Props/Fence_B_2 prefab.prefab
  artifactKey: Guid(c469c07c5b45c454db32065c2f59b36b) Importer(815301076,1909f56bfc062723c751e8b465ee728b)
Start importing Assets/POLYGON city pack/Prefabs/Props/Fence_B_2 prefab.prefab using Guid(c469c07c5b45c454db32065c2f59b36b) Importer(815301076,1909f56bfc062723c751e8b465ee728b)  -> (artifact id: 'f1d61f6ac660c8c2de341732e2d4cbc6') in 0.265976 seconds 
========================================================================
Received Import Request.
  Time since last request: 0.001614 seconds.
  path: Assets/POLYGON city pack/Prefabs/Props/Flower 1 prefab C.prefab
  artifactKey: Guid(f5b753a0f2ae4e3448b73f8f56e8c157) Importer(815301076,1909f56bfc062723c751e8b465ee728b)
Start importing Assets/POLYGON city pack/Prefabs/Props/Flower 1 prefab C.prefab using Guid(f5b753a0f2ae4e3448b73f8f56e8c157) Importer(815301076,1909f56bfc062723c751e8b465ee728b)  -> (artifact id: 'bdc023404cb258678955dbb93e1e5229') in 0.027321 seconds 
========================================================================
Received Import Request.
  Time since last request: 0.000372 seconds.
  path: Assets/POLYGON city pack/Prefabs/Props/flower 3 prefab.prefab
  artifactKey: Guid(6b24ffcfe69c69248a5197ca61cb57bf) Importer(815301076,1909f56bfc062723c751e8b465ee728b)
Start importing Assets/POLYGON city pack/Prefabs/Props/flower 3 prefab.prefab using Guid(6b24ffcfe69c69248a5197ca61cb57bf) Importer(815301076,1909f56bfc062723c751e8b465ee728b)  -> (artifact id: 'e85821ceca0d38f3bf4f0d02d430a533') in 0.023586 seconds 
========================================================================
Received Import Request.
  Time since last request: 0.000049 seconds.
  path: Assets/POLYGON city pack/Prefabs/Props/Flower 1 prefab B.prefab
  artifactKey: Guid(e5a1a9b64f8e53f489e80aa11edd54b0) Importer(815301076,1909f56bfc062723c751e8b465ee728b)
Start importing Assets/POLYGON city pack/Prefabs/Props/Flower 1 prefab B.prefab using Guid(e5a1a9b64f8e53f489e80aa11edd54b0) Importer(815301076,1909f56bfc062723c751e8b465ee728b)  -> (artifact id: '9d691193a3bbc4a128eb42175dfc4def') in 0.027112 seconds 
========================================================================
Received Import Request.
  Time since last request: 0.000673 seconds.
  path: Assets/POLYGON city pack/Prefabs/Props/Flower 1 prefab H.prefab
  artifactKey: Guid(b1fb400995a0fe641bd3e5fdfb630751) Importer(815301076,1909f56bfc062723c751e8b465ee728b)
Start importing Assets/POLYGON city pack/Prefabs/Props/Flower 1 prefab H.prefab using Guid(b1fb400995a0fe641bd3e5fdfb630751) Importer(815301076,1909f56bfc062723c751e8b465ee728b)  -> (artifact id: 'eedb0042c59f1c77e0439d0b42d362ca') in 0.027451 seconds 
========================================================================
Received Import Request.
  Time since last request: 0.000044 seconds.
  path: Assets/POLYGON city pack/Prefabs/Props/Flower 1 prefab E.prefab
  artifactKey: Guid(662342a1f0535f34db513eb61d76ee9f) Importer(815301076,1909f56bfc062723c751e8b465ee728b)
Start importing Assets/POLYGON city pack/Prefabs/Props/Flower 1 prefab E.prefab using Guid(662342a1f0535f34db513eb61d76ee9f) Importer(815301076,1909f56bfc062723c751e8b465ee728b)  -> (artifact id: '0dc15cdb4ceffce867b16ef2599dbfcd') in 0.041370 seconds 
========================================================================
Received Import Request.
  Time since last request: 0.000090 seconds.
  path: Assets/POLYGON city pack/Prefabs/Props/Flower 1 prefab G.prefab
  artifactKey: Guid(e698f0d8234b54e419217034d057fe59) Importer(815301076,1909f56bfc062723c751e8b465ee728b)
Start importing Assets/POLYGON city pack/Prefabs/Props/Flower 1 prefab G.prefab using Guid(e698f0d8234b54e419217034d057fe59) Importer(815301076,1909f56bfc062723c751e8b465ee728b)  -> (artifact id: 'e0e418f8b3df0d3990e878aa637ee183') in 0.034650 seconds 
========================================================================
Received Import Request.
  Time since last request: 0.271457 seconds.
  path: Assets/POLYGON city pack/Prefabs/Props/hedge prefab.prefab
  artifactKey: Guid(3f544eaa13dc7074cba3aed998b27842) Importer(815301076,1909f56bfc062723c751e8b465ee728b)
Start importing Assets/POLYGON city pack/Prefabs/Props/hedge prefab.prefab using Guid(3f544eaa13dc7074cba3aed998b27842) Importer(815301076,1909f56bfc062723c751e8b465ee728b)  -> (artifact id: 'c7ed910b2d392e145aef583b6a52c0c9') in 0.052182 seconds 
========================================================================
Received Import Request.
  Time since last request: 0.000049 seconds.
  path: Assets/POLYGON city pack/Prefabs/Props/Hydrant prefab.prefab
  artifactKey: Guid(abc98a3329f924b4680c86edde08968d) Importer(815301076,1909f56bfc062723c751e8b465ee728b)
Start importing Assets/POLYGON city pack/Prefabs/Props/Hydrant prefab.prefab using Guid(abc98a3329f924b4680c86edde08968d) Importer(815301076,1909f56bfc062723c751e8b465ee728b)  -> (artifact id: 'be988f4ba817b9ebf8009e5ec66ff1d0') in 0.024393 seconds 
========================================================================
Received Import Request.
  Time since last request: 0.000039 seconds.
  path: Assets/POLYGON city pack/Prefabs/Props/Ketchup prefab.prefab
  artifactKey: Guid(31f2ecfec20d54541ace8f82e1071325) Importer(815301076,1909f56bfc062723c751e8b465ee728b)
Start importing Assets/POLYGON city pack/Prefabs/Props/Ketchup prefab.prefab using Guid(31f2ecfec20d54541ace8f82e1071325) Importer(815301076,1909f56bfc062723c751e8b465ee728b)  -> (artifact id: 'eef06b4c248a6e4f46553f911ba20fbc') in 0.052819 seconds 
========================================================================
Received Import Request.
  Time since last request: 0.000539 seconds.
  path: Assets/POLYGON city pack/Prefabs/Props/platt pole prefab.prefab
  artifactKey: Guid(512782c78ed494441ad23e5fe0ab6a59) Importer(815301076,1909f56bfc062723c751e8b465ee728b)
Start importing Assets/POLYGON city pack/Prefabs/Props/platt pole prefab.prefab using Guid(512782c78ed494441ad23e5fe0ab6a59) Importer(815301076,1909f56bfc062723c751e8b465ee728b)  -> (artifact id: 'c09f5cf4365b9779b82f2ce9fe02fcb9') in 0.031704 seconds 
========================================================================
Received Import Request.
  Time since last request: 0.000949 seconds.
  path: Assets/POLYGON city pack/Prefabs/Props/Parking_barrier prefab.prefab
  artifactKey: Guid(a560b249e984af144b222ea1d93fe697) Importer(815301076,1909f56bfc062723c751e8b465ee728b)
Start importing Assets/POLYGON city pack/Prefabs/Props/Parking_barrier prefab.prefab using Guid(a560b249e984af144b222ea1d93fe697) Importer(815301076,1909f56bfc062723c751e8b465ee728b)  -> (artifact id: '978a9f870131c1c2dc0490b4e3ee21c0') in 0.041896 seconds 
========================================================================
Received Import Request.
  Time since last request: 0.003996 seconds.
  path: Assets/POLYGON city pack/Prefabs/Props/phone booth prefab.prefab
  artifactKey: Guid(b995d8a7dcf811740b66ae5cf81e4fa6) Importer(815301076,1909f56bfc062723c751e8b465ee728b)
Start importing Assets/POLYGON city pack/Prefabs/Props/phone booth prefab.prefab using Guid(b995d8a7dcf811740b66ae5cf81e4fa6) Importer(815301076,1909f56bfc062723c751e8b465ee728b)  -> (artifact id: '6a9ec0b3ffc91d47cd4a608befb2f772') in 0.062847 seconds 
========================================================================
Received Import Request.
  Time since last request: 0.000553 seconds.
  path: Assets/POLYGON city pack/Prefabs/Props/platt sign 4 prefab.prefab
  artifactKey: Guid(8375612b26134aa47966b68d5e0b25bb) Importer(815301076,1909f56bfc062723c751e8b465ee728b)
Start importing Assets/POLYGON city pack/Prefabs/Props/platt sign 4 prefab.prefab using Guid(8375612b26134aa47966b68d5e0b25bb) Importer(815301076,1909f56bfc062723c751e8b465ee728b)  -> (artifact id: '4f63dae59a57fb44df8ed60592eb8637') in 0.036133 seconds 
========================================================================
Received Import Request.
  Time since last request: 0.000048 seconds.
  path: Assets/POLYGON city pack/Prefabs/Props/Stone 1 Prefab.prefab
  artifactKey: Guid(64c8858bb5c72b0449860f828a7a54fa) Importer(815301076,1909f56bfc062723c751e8b465ee728b)
Start importing Assets/POLYGON city pack/Prefabs/Props/Stone 1 Prefab.prefab using Guid(64c8858bb5c72b0449860f828a7a54fa) Importer(815301076,1909f56bfc062723c751e8b465ee728b)  -> (artifact id: '9c002707f79bb23f7a507310d4057f12') in 0.041321 seconds 
========================================================================
Received Import Request.
  Time since last request: 0.000044 seconds.
  path: Assets/POLYGON city pack/Prefabs/Props/Pot_tree prefab.prefab
  artifactKey: Guid(8e00364320862a746a6e67a5af5e5979) Importer(815301076,1909f56bfc062723c751e8b465ee728b)
Start importing Assets/POLYGON city pack/Prefabs/Props/Pot_tree prefab.prefab using Guid(8e00364320862a746a6e67a5af5e5979) Importer(815301076,1909f56bfc062723c751e8b465ee728b)  -> (artifact id: '351f9e94878c297530ec4182561502b3') in 0.051833 seconds 
========================================================================
Received Import Request.
  Time since last request: 0.005054 seconds.
  path: Assets/POLYGON city pack/Prefabs/Props/shopping cart prefab.prefab
  artifactKey: Guid(e70233268e8d3e64187fc14a41cacef0) Importer(815301076,1909f56bfc062723c751e8b465ee728b)
Start importing Assets/POLYGON city pack/Prefabs/Props/shopping cart prefab.prefab using Guid(e70233268e8d3e64187fc14a41cacef0) Importer(815301076,1909f56bfc062723c751e8b465ee728b)  -> (artifact id: '1467b5945b77d5dfef8206341b7870a4') in 0.043749 seconds 
========================================================================
Received Import Request.
  Time since last request: 0.000037 seconds.
  path: Assets/POLYGON city pack/Prefabs/Props/Hotdog prefab.prefab
  artifactKey: Guid(57a987e39cc3143448c053e7a5925600) Importer(815301076,1909f56bfc062723c751e8b465ee728b)
Start importing Assets/POLYGON city pack/Prefabs/Props/Hotdog prefab.prefab using Guid(57a987e39cc3143448c053e7a5925600) Importer(815301076,1909f56bfc062723c751e8b465ee728b)  -> (artifact id: 'd58a71b54465fc3b24a9ecabdc8e761a') in 0.047373 seconds 
========================================================================
Received Import Request.
  Time since last request: 0.231796 seconds.
  path: Assets/POLYGON city pack/Prefabs/Props/Stone 4 Prefab.prefab
  artifactKey: Guid(b4289919ba517cd45aff629c81afa3fe) Importer(815301076,1909f56bfc062723c751e8b465ee728b)
Start importing Assets/POLYGON city pack/Prefabs/Props/Stone 4 Prefab.prefab using Guid(b4289919ba517cd45aff629c81afa3fe) Importer(815301076,1909f56bfc062723c751e8b465ee728b)  -> (artifact id: 'eccf3ef8e59c2d10f329b322341f30b0') in 0.039195 seconds 
========================================================================
Received Import Request.
  Time since last request: 0.000054 seconds.
  path: Assets/POLYGON city pack/Prefabs/Props/Traffic light 1 Prefab.prefab
  artifactKey: Guid(53a178f42f52a0c4e9fe7bac7f1bfcc3) Importer(815301076,1909f56bfc062723c751e8b465ee728b)
Start importing Assets/POLYGON city pack/Prefabs/Props/Traffic light 1 Prefab.prefab using Guid(53a178f42f52a0c4e9fe7bac7f1bfcc3) Importer(815301076,1909f56bfc062723c751e8b465ee728b)  -> (artifact id: '40a65cb01436244ec8c74688041cfb28') in 0.048224 seconds 
========================================================================
Received Import Request.
  Time since last request: 0.000048 seconds.
  path: Assets/POLYGON city pack/Prefabs/Props/trashcan prefab 1.prefab
  artifactKey: Guid(ef0db6475b65e3f4caf48f2481a05f13) Importer(815301076,1909f56bfc062723c751e8b465ee728b)
Start importing Assets/POLYGON city pack/Prefabs/Props/trashcan prefab 1.prefab using Guid(ef0db6475b65e3f4caf48f2481a05f13) Importer(815301076,1909f56bfc062723c751e8b465ee728b)  -> (artifact id: 'b905e7346f71ac625e7c1c299a9743dd') in 0.046628 seconds 
========================================================================
Received Import Request.
  Time since last request: 0.000087 seconds.
  path: Assets/POLYGON city pack/Prefabs/Props/traffic_obj prefab.prefab
  artifactKey: Guid(b0c71b64a7dfbd74cb2f2acf7a3637a3) Importer(815301076,1909f56bfc062723c751e8b465ee728b)
Start importing Assets/POLYGON city pack/Prefabs/Props/traffic_obj prefab.prefab using Guid(b0c71b64a7dfbd74cb2f2acf7a3637a3) Importer(815301076,1909f56bfc062723c751e8b465ee728b)  -> (artifact id: 'e9bdf01027efe0318e1d1228ef7931dc') in 0.050515 seconds 
========================================================================
Received Import Request.
  Time since last request: 0.000629 seconds.
  path: Assets/POLYGON city pack/Prefabs/Props/streetprop prefab.prefab
  artifactKey: Guid(b9241325cf17fc546b1db887ded397d9) Importer(815301076,1909f56bfc062723c751e8b465ee728b)
Start importing Assets/POLYGON city pack/Prefabs/Props/streetprop prefab.prefab using Guid(b9241325cf17fc546b1db887ded397d9) Importer(815301076,1909f56bfc062723c751e8b465ee728b)  -> (artifact id: '963090957fc2872de054ff705bce3738') in 0.024942 seconds 
========================================================================
Received Import Request.
  Time since last request: 0.000047 seconds.
  path: Assets/POLYGON city pack/Prefabs/Props/Traffic light 3 Prefab.prefab
  artifactKey: Guid(2da3775d316a3e04da01b3c659ee96db) Importer(815301076,1909f56bfc062723c751e8b465ee728b)
Start importing Assets/POLYGON city pack/Prefabs/Props/Traffic light 3 Prefab.prefab using Guid(2da3775d316a3e04da01b3c659ee96db) Importer(815301076,1909f56bfc062723c751e8b465ee728b)  -> (artifact id: '3a86d82e43157009bcb7d3a3bd121a57') in 0.057629 seconds 
========================================================================
Received Import Request.
  Time since last request: 0.000037 seconds.
  path: Assets/POLYGON city pack/Prefabs/Props/trashBag prefab.prefab
  artifactKey: Guid(b0bb4b9691721cf4791e1124d867edd8) Importer(815301076,1909f56bfc062723c751e8b465ee728b)
Start importing Assets/POLYGON city pack/Prefabs/Props/trashBag prefab.prefab using Guid(b0bb4b9691721cf4791e1124d867edd8) Importer(815301076,1909f56bfc062723c751e8b465ee728b)  -> (artifact id: 'c3ee0d80e1b72f9257f0e683b71cd5b0') in 0.031990 seconds 
========================================================================
Received Import Request.
  Time since last request: 0.000032 seconds.
  path: Assets/POLYGON city pack/Prefabs/Props/televserion antenna prefab.prefab
  artifactKey: Guid(672edbc300fa6bd439cf13ff7878bdea) Importer(815301076,1909f56bfc062723c751e8b465ee728b)
Start importing Assets/POLYGON city pack/Prefabs/Props/televserion antenna prefab.prefab using Guid(672edbc300fa6bd439cf13ff7878bdea) Importer(815301076,1909f56bfc062723c751e8b465ee728b)  -> (artifact id: 'bbb86c9e339ee5592e3e3a74861897a3') in 0.029294 seconds 
========================================================================
Received Import Request.
  Time since last request: 0.428991 seconds.
  path: Assets/POLYGON city pack/Prefabs/Props/Tree prefab.prefab
  artifactKey: Guid(1be61187b5d765449be824463642cb0f) Importer(815301076,1909f56bfc062723c751e8b465ee728b)
Start importing Assets/POLYGON city pack/Prefabs/Props/Tree prefab.prefab using Guid(1be61187b5d765449be824463642cb0f) Importer(815301076,1909f56bfc062723c751e8b465ee728b)  -> (artifact id: 'a690439a85b1a57559ec11b7a08c8f25') in 0.029579 seconds 
========================================================================
Received Import Request.
  Time since last request: 0.000063 seconds.
  path: Assets/POLYGON city pack/Prefabs/Props/Wall 4 prefab.prefab
  artifactKey: Guid(34ba8d2a4c4d0b14c8c5d619aa76047b) Importer(815301076,1909f56bfc062723c751e8b465ee728b)
Start importing Assets/POLYGON city pack/Prefabs/Props/Wall 4 prefab.prefab using Guid(34ba8d2a4c4d0b14c8c5d619aa76047b) Importer(815301076,1909f56bfc062723c751e8b465ee728b)  -> (artifact id: 'abc86fab1b64d0dba9658d152078bb99') in 0.026673 seconds 
========================================================================
Received Import Request.
  Time since last request: 0.000046 seconds.
  path: Assets/POLYGON city pack/Prefabs/Props/Wall 1 prefab.prefab
  artifactKey: Guid(effb1b31d7e11a54e9b051312c1a2ee4) Importer(815301076,1909f56bfc062723c751e8b465ee728b)
Start importing Assets/POLYGON city pack/Prefabs/Props/Wall 1 prefab.prefab using Guid(effb1b31d7e11a54e9b051312c1a2ee4) Importer(815301076,1909f56bfc062723c751e8b465ee728b)  -> (artifact id: '8517158a871f47d3f28138d27492c757') in 0.027949 seconds 
========================================================================
Received Import Request.
  Time since last request: 0.000025 seconds.
  path: Assets/POLYGON city pack/Prefabs/Props/Wall 3 prefab.prefab
  artifactKey: Guid(d3279157e4e75be44a4c862cb4e328a3) Importer(815301076,1909f56bfc062723c751e8b465ee728b)
Start importing Assets/POLYGON city pack/Prefabs/Props/Wall 3 prefab.prefab using Guid(d3279157e4e75be44a4c862cb4e328a3) Importer(815301076,1909f56bfc062723c751e8b465ee728b)  -> (artifact id: '6fe5613bb1c5804d9ee89533a4e108b1') in 0.032990 seconds 
========================================================================
Received Import Request.
  Time since last request: 0.000075 seconds.
  path: Assets/POLYGON city pack/Prefabs/Props/Wall 6 prefab.prefab
  artifactKey: Guid(facc5fd5141efde4491e095867e3730e) Importer(815301076,1909f56bfc062723c751e8b465ee728b)
Start importing Assets/POLYGON city pack/Prefabs/Props/Wall 6 prefab.prefab using Guid(facc5fd5141efde4491e095867e3730e) Importer(815301076,1909f56bfc062723c751e8b465ee728b)  -> (artifact id: '2ddba69ce99290f8bc6b4070fb1fa8f2') in 0.040773 seconds 
========================================================================
Received Import Request.
  Time since last request: 0.000036 seconds.
  path: Assets/POLYGON city pack/Prefabs/Props/Wall 5 prefab.prefab
  artifactKey: Guid(ba471d562324e9c499483b4816ba3be0) Importer(815301076,1909f56bfc062723c751e8b465ee728b)
Start importing Assets/POLYGON city pack/Prefabs/Props/Wall 5 prefab.prefab using Guid(ba471d562324e9c499483b4816ba3be0) Importer(815301076,1909f56bfc062723c751e8b465ee728b)  -> (artifact id: '57791fc76e6da63277fedf67733c2017') in 0.037736 seconds 
========================================================================
Received Import Request.
  Time since last request: 52.311705 seconds.
  path: Assets/POLYGON city pack/Prefabs/traffic signs/parking sign.prefab
  artifactKey: Guid(e27f1e8036aa32748b6e0aff27468160) Importer(815301076,1909f56bfc062723c751e8b465ee728b)
Start importing Assets/POLYGON city pack/Prefabs/traffic signs/parking sign.prefab using Guid(e27f1e8036aa32748b6e0aff27468160) Importer(815301076,1909f56bfc062723c751e8b465ee728b)  -> (artifact id: '5585c8a27bf395ced3ef3d6c62d053db') in 0.159279 seconds 
========================================================================
Received Import Request.
  Time since last request: 0.000043 seconds.
  path: Assets/POLYGON city pack/Prefabs/traffic signs/traffic sign 4.prefab
  artifactKey: Guid(d5eebd6c558b1a148bbca84479fd92bb) Importer(815301076,1909f56bfc062723c751e8b465ee728b)
Start importing Assets/POLYGON city pack/Prefabs/traffic signs/traffic sign 4.prefab using Guid(d5eebd6c558b1a148bbca84479fd92bb) Importer(815301076,1909f56bfc062723c751e8b465ee728b)  -> (artifact id: '3efc8d0604c1b17654e4a21e79083e81') in 0.058782 seconds 
========================================================================
Received Import Request.
  Time since last request: 0.000053 seconds.
  path: Assets/POLYGON city pack/Prefabs/traffic signs/traffic sign 3.prefab
  artifactKey: Guid(d6177dd2c3658254082b43d7f5bf3644) Importer(815301076,1909f56bfc062723c751e8b465ee728b)
Start importing Assets/POLYGON city pack/Prefabs/traffic signs/traffic sign 3.prefab using Guid(d6177dd2c3658254082b43d7f5bf3644) Importer(815301076,1909f56bfc062723c751e8b465ee728b)  -> (artifact id: 'b0f2ef2766656c0b78ea923e0ab875b0') in 0.035796 seconds 
========================================================================
Received Import Request.
  Time since last request: 0.000030 seconds.
  path: Assets/POLYGON city pack/Prefabs/traffic signs/traffic sign speed 10.prefab
  artifactKey: Guid(12d230eedd8208e46ae6c4ef3cc76560) Importer(815301076,1909f56bfc062723c751e8b465ee728b)
Start importing Assets/POLYGON city pack/Prefabs/traffic signs/traffic sign speed 10.prefab using Guid(12d230eedd8208e46ae6c4ef3cc76560) Importer(815301076,1909f56bfc062723c751e8b465ee728b)  -> (artifact id: '28425acaa7bc03e3812d5ac1b4f9af35') in 0.055151 seconds 
========================================================================
Received Import Request.
  Time since last request: 0.000997 seconds.
  path: Assets/POLYGON city pack/Prefabs/traffic signs/traffic sign speed 25.prefab
  artifactKey: Guid(f0184bee770e97e4e8ee6b82c967fbbf) Importer(815301076,1909f56bfc062723c751e8b465ee728b)
Start importing Assets/POLYGON city pack/Prefabs/traffic signs/traffic sign speed 25.prefab using Guid(f0184bee770e97e4e8ee6b82c967fbbf) Importer(815301076,1909f56bfc062723c751e8b465ee728b)  -> (artifact id: 'ffc03eda1337cf5613ed362198eef0a1') in 0.022555 seconds 
========================================================================
Received Import Request.
  Time since last request: 0.000042 seconds.
  path: Assets/POLYGON city pack/Prefabs/traffic signs/slow sign.prefab
  artifactKey: Guid(475374e8b1fe09a44a5855a8d902f099) Importer(815301076,1909f56bfc062723c751e8b465ee728b)
Start importing Assets/POLYGON city pack/Prefabs/traffic signs/slow sign.prefab using Guid(475374e8b1fe09a44a5855a8d902f099) Importer(815301076,1909f56bfc062723c751e8b465ee728b)  -> (artifact id: 'a7a261e587ecdbfd7ac47645386e69d7') in 0.040926 seconds 
========================================================================
Received Import Request.
  Time since last request: 0.000046 seconds.
  path: Assets/POLYGON city pack/Prefabs/traffic signs/traffic sign speed 70.prefab
  artifactKey: Guid(a49a50b7d01cc6743a615054007ab283) Importer(815301076,1909f56bfc062723c751e8b465ee728b)
Start importing Assets/POLYGON city pack/Prefabs/traffic signs/traffic sign speed 70.prefab using Guid(a49a50b7d01cc6743a615054007ab283) Importer(815301076,1909f56bfc062723c751e8b465ee728b)  -> (artifact id: '4b18b2bfd20e8967eb866917974d9656') in 0.027802 seconds 
Editor requested this worker to shutdown with reason: Scaling down because of idle timeout
AssetImportWorkerClient::OnTransportError - code=2 error=End of file
AssetImportWorker is now disconnected from the server
Process exiting
Exiting without the bug reporter. Application will terminate with return code 0