Using pre-set license
Built from '2021.3/release' branch; Version is '2021.3.12f1 (8af3c3e441b1) revision 9106371'; Using compiler version '192829333'; Build Type 'Release'
OS: 'Windows 11  (10.0.22000) 64bit CoreSingleLanguage' Language: 'es' Physical Memory: 15754 MB
BatchMode: 1, IsHumanControllingUs: 0, StartBugReporterOnCrash: 0, Is64bit: 1, IsPro: 1

COMMAND LINE ARGUMENTS:
C:\Program Files\Unity 2021.3.12f1\Editor\Unity.exe
-adb2
-batchMode
-noUpm
-name
AssetImportWorker1
-projectPath
C:/Users/emili/clonar/Simulacion/Bici2
-logFile
Logs/AssetImportWorker1.log
-srvPort
51345
Successfully changed project path to: C:/Users/emili/clonar/Simulacion/Bici2
C:/Users/emili/clonar/Simulacion/Bici2
[UnityMemory] Configuration Parameters - Can be set up in boot.config
    "memorysetup-bucket-allocator-granularity=16"
    "memorysetup-bucket-allocator-bucket-count=8"
    "memorysetup-bucket-allocator-block-size=33554432"
    "memorysetup-bucket-allocator-block-count=8"
    "memorysetup-main-allocator-block-size=16777216"
    "memorysetup-thread-allocator-block-size=16777216"
    "memorysetup-gfx-main-allocator-block-size=16777216"
    "memorysetup-gfx-thread-allocator-block-size=16777216"
    "memorysetup-cache-allocator-block-size=4194304"
    "memorysetup-typetree-allocator-block-size=2097152"
    "memorysetup-profiler-bucket-allocator-granularity=16"
    "memorysetup-profiler-bucket-allocator-bucket-count=8"
    "memorysetup-profiler-bucket-allocator-block-size=33554432"
    "memorysetup-profiler-bucket-allocator-block-count=8"
    "memorysetup-profiler-allocator-block-size=16777216"
    "memorysetup-profiler-editor-allocator-block-size=1048576"
    "memorysetup-temp-allocator-size-main=16777216"
    "memorysetup-job-temp-allocator-block-size=2097152"
    "memorysetup-job-temp-allocator-block-size-background=1048576"
    "memorysetup-job-temp-allocator-reduction-small-platforms=262144"
    "memorysetup-temp-allocator-size-background-worker=32768"
    "memorysetup-temp-allocator-size-job-worker=262144"
    "memorysetup-temp-allocator-size-preload-manager=33554432"
    "memorysetup-temp-allocator-size-nav-mesh-worker=65536"
    "memorysetup-temp-allocator-size-audio-worker=65536"
    "memorysetup-temp-allocator-size-cloud-worker=32768"
    "memorysetup-temp-allocator-size-gi-baking-worker=262144"
    "memorysetup-temp-allocator-size-gfx=262144"
Refreshing native plugins compatible for Editor in 68.12 ms, found 3 plugins.
Preloading 0 native plugins for Editor in 0.00 ms.
Initialize engine version: 2021.3.12f1 (8af3c3e441b1)
[Subsystems] Discovering subsystems at path C:/Program Files/Unity 2021.3.12f1/Editor/Data/Resources/UnitySubsystems
[Subsystems] Discovering subsystems at path C:/Users/emili/clonar/Simulacion/Bici2/Assets
GfxDevice: creating device client; threaded=0; jobified=0
Direct3D:
    Version:  Direct3D 11.0 [level 11.1]
    Renderer: Radeon RX 5500M (ID=0x7340)
    Vendor:   ATI
    VRAM:     4055 MB
    Driver:   30.0.13002.23
Initialize mono
Mono path[0] = 'C:/Program Files/Unity 2021.3.12f1/Editor/Data/Managed'
Mono path[1] = 'C:/Program Files/Unity 2021.3.12f1/Editor/Data/MonoBleedingEdge/lib/mono/unityjit-win32'
Mono config path = 'C:/Program Files/Unity 2021.3.12f1/Editor/Data/MonoBleedingEdge/etc'
Using monoOptions --debugger-agent=transport=dt_socket,embedding=1,server=y,suspend=n,address=127.0.0.1:56392
Begin MonoManager ReloadAssembly
Registering precompiled unity dll's ...
Register platform support module: C:/Program Files/Unity 2021.3.12f1/Editor/Data/PlaybackEngines/WindowsStandaloneSupport/UnityEditor.WindowsStandalone.Extensions.dll
Registered in 0.002598 seconds.
Native extension for WindowsStandalone target not found
Refreshing native plugins compatible for Editor in 67.49 ms, found 3 plugins.
Preloading 0 native plugins for Editor in 0.00 ms.
Mono: successfully reloaded assembly
- Completed reload, in  0.504 seconds
Domain Reload Profiling:
	ReloadAssembly (504ms)
		BeginReloadAssembly (56ms)
			ExecutionOrderSort (0ms)
			DisableScriptedObjects (0ms)
			BackupInstance (0ms)
			ReleaseScriptingObjects (0ms)
			CreateAndSetChildDomain (1ms)
		EndReloadAssembly (366ms)
			LoadAssemblies (54ms)
			RebuildTransferFunctionScriptingTraits (0ms)
			SetupTypeCache (78ms)
			ReleaseScriptCaches (0ms)
			RebuildScriptCaches (22ms)
			SetupLoadedEditorAssemblies (226ms)
				LogAssemblyErrors (0ms)
				InitializePlatformSupportModulesInManaged (5ms)
				SetLoadedEditorAssemblies (0ms)
				RefreshPlugins (68ms)
				BeforeProcessingInitializeOnLoad (1ms)
				ProcessInitializeOnLoadAttributes (114ms)
				ProcessInitializeOnLoadMethodAttributes (38ms)
				AfterProcessingInitializeOnLoad (0ms)
				EditorAssembliesLoaded (0ms)
			ExecutionOrderSort2 (0ms)
			AwakeInstancesAfterBackupRestoration (0ms)
Platform modules already initialized, skipping
Registering precompiled user dll's ...
Registered in 0.004740 seconds.
Begin MonoManager ReloadAssembly
Symbol file LoadedFromMemory doesn't match image C:\Users\emili\clonar\Simulacion\Bici2\Library\PackageCache\com.unity.visualscripting@1.7.8\Editor\VisualScripting.Core\Dependencies\YamlDotNet\Unity.VisualScripting.YamlDotNet.dll
Symbol file LoadedFromMemory doesn't match image C:\Users\emili\clonar\Simulacion\Bici2\Library\PackageCache\com.unity.visualscripting@1.7.8\Editor\VisualScripting.Core\Dependencies\DotNetZip\Unity.VisualScripting.IonicZip.dll
Native extension for WindowsStandalone target not found
Refreshing native plugins compatible for Editor in 66.83 ms, found 3 plugins.
Preloading 0 native plugins for Editor in 0.00 ms.
Mono: successfully reloaded assembly
- Completed reload, in  0.988 seconds
Domain Reload Profiling:
	ReloadAssembly (989ms)
		BeginReloadAssembly (113ms)
			ExecutionOrderSort (0ms)
			DisableScriptedObjects (6ms)
			BackupInstance (0ms)
			ReleaseScriptingObjects (0ms)
			CreateAndSetChildDomain (23ms)
		EndReloadAssembly (777ms)
			LoadAssemblies (75ms)
			RebuildTransferFunctionScriptingTraits (0ms)
			SetupTypeCache (205ms)
			ReleaseScriptCaches (1ms)
			RebuildScriptCaches (42ms)
			SetupLoadedEditorAssemblies (423ms)
				LogAssemblyErrors (0ms)
				InitializePlatformSupportModulesInManaged (3ms)
				SetLoadedEditorAssemblies (0ms)
				RefreshPlugins (67ms)
				BeforeProcessingInitializeOnLoad (73ms)
				ProcessInitializeOnLoadAttributes (250ms)
				ProcessInitializeOnLoadMethodAttributes (24ms)
				AfterProcessingInitializeOnLoad (6ms)
				EditorAssembliesLoaded (0ms)
			ExecutionOrderSort2 (0ms)
			AwakeInstancesAfterBackupRestoration (8ms)
Platform modules already initialized, skipping
========================================================================
Worker process is ready to serve import requests
Launched and connected shader compiler UnityShaderCompiler.exe after 0.03 seconds
Refreshing native plugins compatible for Editor in 0.63 ms, found 3 plugins.
Preloading 0 native plugins for Editor in 0.00 ms.
Unloading 3572 Unused Serialized files (Serialized files now loaded: 0)
Unloading 48 unused Assets / (0.6 MB). Loaded Objects now: 4046.
Memory consumption went from 142.4 MB to 141.8 MB.
Total: 3.125300 ms (FindLiveObjects: 0.262000 ms CreateObjectMapping: 0.157300 ms MarkObjects: 2.481800 ms  DeleteObjects: 0.223500 ms)

AssetImportParameters requested are different than current active one (requested -> active):
  custom:video-decoder-ogg-theora: a1e56fd34408186e4bbccfd4996cb3dc -> 
  custom:container-muxer-webm: aa71ff27fc2769a1b78a27578f13a17b -> 
  custom:container-demuxer-webm: 4f35f7cbe854078d1ac9338744f61a02 -> 
  custom:video-encoder-webm-vp8: eb34c28f22e8b96e1ab97ce403110664 -> 
  custom:audio-encoder-webm-vorbis: bf7c407c2cedff20999df2af8eb42d56 -> 
  custom:framework-win-MediaFoundation: 216162199b28c13a410421893ffa2e32 -> 
  custom:container-demuxer-ogg: 62fdf1f143b41e24485cea50d1cbac27 -> 
  custom:video-decoder-webm-vp8: 9c59270c3fd7afecdb556c50c9e8de78 -> 
  custom:audio-decoder-ogg-vorbis: bf7c407c2cedff20999df2af8eb42d56 -> 
========================================================================
Received Import Request.
  Time since last request: 3119.061736 seconds.
  path: Assets/School Bus/Model/School_Bus.FBX
  artifactKey: Guid(54bf0519df8f27248a1a25511ba725b8) Importer(815301076,1909f56bfc062723c751e8b465ee728b)
Start importing Assets/School Bus/Model/School_Bus.FBX using Guid(54bf0519df8f27248a1a25511ba725b8) Importer(815301076,1909f56bfc062723c751e8b465ee728b)  -> (artifact id: '926d52c6e93b89c1f608fb78a0e1e84f') in 0.335598 seconds 
========================================================================
Received Import Request.
  Time since last request: 1.528523 seconds.
  path: Assets/School Bus/Material/Bus_damage/Bus_damage_outer.mat
  artifactKey: Guid(f5a0896367a1a9145b8577921a3ceb22) Importer(815301076,1909f56bfc062723c751e8b465ee728b)
Start importing Assets/School Bus/Material/Bus_damage/Bus_damage_outer.mat using Guid(f5a0896367a1a9145b8577921a3ceb22) Importer(815301076,1909f56bfc062723c751e8b465ee728b)  -> (artifact id: '076f56b392522bb4478f0c8d50f900f5') in 0.273460 seconds 
========================================================================
Received Import Request.
  Time since last request: 0.000030 seconds.
  path: Assets/School Bus/Material/Bus_damage/Bus_tires_damage.mat
  artifactKey: Guid(38641d5265270844ca51df86ffef3b17) Importer(815301076,1909f56bfc062723c751e8b465ee728b)
Start importing Assets/School Bus/Material/Bus_damage/Bus_tires_damage.mat using Guid(38641d5265270844ca51df86ffef3b17) Importer(815301076,1909f56bfc062723c751e8b465ee728b)  -> (artifact id: '6718544b241488dad0c82ca8a53fdfb4') in 0.066008 seconds 
========================================================================
Received Import Request.
  Time since last request: 0.000027 seconds.
  path: Assets/School Bus/Material/Bus_damage/Bus_glass_damage.mat
  artifactKey: Guid(ccab4deccfe0fd44eb60d6fe8538b89a) Importer(815301076,1909f56bfc062723c751e8b465ee728b)
Start importing Assets/School Bus/Material/Bus_damage/Bus_glass_damage.mat using Guid(ccab4deccfe0fd44eb60d6fe8538b89a) Importer(815301076,1909f56bfc062723c751e8b465ee728b)  -> (artifact id: '0a0d844840ce0e2ec2fc9585a5b5a580') in 0.249918 seconds 
========================================================================
Received Import Request.
  Time since last request: 0.667064 seconds.
  path: Assets/School Bus/Material/Bus_no_damage/Bus_no_damage_inner.mat
  artifactKey: Guid(d94c680ecdbeb884dbfa21d7e6263d85) Importer(815301076,1909f56bfc062723c751e8b465ee728b)
Start importing Assets/School Bus/Material/Bus_no_damage/Bus_no_damage_inner.mat using Guid(d94c680ecdbeb884dbfa21d7e6263d85) Importer(815301076,1909f56bfc062723c751e8b465ee728b)  -> (artifact id: '882cbc3b1e1740f5274a9674687598ce') in 0.195405 seconds 
========================================================================
Received Import Request.
  Time since last request: 0.000023 seconds.
  path: Assets/School Bus/Material/Bus_no_damage/Bus_tires_no_damage.mat
  artifactKey: Guid(4fb7a457c218ef74dbb6b0f1f3c6b40f) Importer(815301076,1909f56bfc062723c751e8b465ee728b)
Start importing Assets/School Bus/Material/Bus_no_damage/Bus_tires_no_damage.mat using Guid(4fb7a457c218ef74dbb6b0f1f3c6b40f) Importer(815301076,1909f56bfc062723c751e8b465ee728b)  -> (artifact id: 'fa1742ecb00a5b4874eceed9e11fd69d') in 0.041632 seconds 
========================================================================
Received Import Request.
  Time since last request: 0.000045 seconds.
  path: Assets/School Bus/Material/Bus_no_damage/Bus_no_damage_outer.mat
  artifactKey: Guid(436d54e3b222b8942b4f49bd444e6095) Importer(815301076,1909f56bfc062723c751e8b465ee728b)
Start importing Assets/School Bus/Material/Bus_no_damage/Bus_no_damage_outer.mat using Guid(436d54e3b222b8942b4f49bd444e6095) Importer(815301076,1909f56bfc062723c751e8b465ee728b)  -> (artifact id: '70b191539571ccecf8f66676b979225e') in 0.046811 seconds 
========================================================================
Received Import Request.
  Time since last request: 1.057088 seconds.
  path: Assets/School Bus/Prefab/School_Bus_no_damage.prefab
  artifactKey: Guid(4e5a9b3c3e2374b488512155cfd72953) Importer(815301076,1909f56bfc062723c751e8b465ee728b)
Start importing Assets/School Bus/Prefab/School_Bus_no_damage.prefab using Guid(4e5a9b3c3e2374b488512155cfd72953) Importer(815301076,1909f56bfc062723c751e8b465ee728b)  -> (artifact id: '9e2fa5ca6cb6a85bca48ba8db4274e86') in 0.078708 seconds 
