Using pre-set license
Built from '2021.3/release' branch; Version is '2021.3.12f1 (8af3c3e441b1) revision 9106371'; Using compiler version '192829333'; Build Type 'Release'
OS: 'Windows 10  (10.0.19044) 64bit CoreSingleLanguage' Language: 'es' Physical Memory: 10153 MB
BatchMode: 1, IsHumanControllingUs: 0, StartBugReporterOnCrash: 0, Is64bit: 1, IsPro: 1

COMMAND LINE ARGUMENTS:
D:\Program Files\2021.3.12f1\Editor\Unity.exe
-adb2
-batchMode
-noUpm
-name
AssetImportWorker3
-projectPath
D:/Cristian/Documents/Simulacion/Bici2
-logFile
Logs/AssetImportWorker3.log
-srvPort
51304
Successfully changed project path to: D:/Cristian/Documents/Simulacion/Bici2
D:/Cristian/Documents/Simulacion/Bici2
[UnityMemory] Configuration Parameters - Can be set up in boot.config
    "memorysetup-bucket-allocator-granularity=16"
    "memorysetup-bucket-allocator-bucket-count=8"
    "memorysetup-bucket-allocator-block-size=33554432"
    "memorysetup-bucket-allocator-block-count=8"
    "memorysetup-main-allocator-block-size=16777216"
    "memorysetup-thread-allocator-block-size=16777216"
    "memorysetup-gfx-main-allocator-block-size=16777216"
    "memorysetup-gfx-thread-allocator-block-size=16777216"
    "memorysetup-cache-allocator-block-size=4194304"
    "memorysetup-typetree-allocator-block-size=2097152"
    "memorysetup-profiler-bucket-allocator-granularity=16"
    "memorysetup-profiler-bucket-allocator-bucket-count=8"
    "memorysetup-profiler-bucket-allocator-block-size=33554432"
    "memorysetup-profiler-bucket-allocator-block-count=8"
    "memorysetup-profiler-allocator-block-size=16777216"
    "memorysetup-profiler-editor-allocator-block-size=1048576"
    "memorysetup-temp-allocator-size-main=16777216"
    "memorysetup-job-temp-allocator-block-size=2097152"
    "memorysetup-job-temp-allocator-block-size-background=1048576"
    "memorysetup-job-temp-allocator-reduction-small-platforms=262144"
    "memorysetup-temp-allocator-size-background-worker=32768"
    "memorysetup-temp-allocator-size-job-worker=262144"
    "memorysetup-temp-allocator-size-preload-manager=33554432"
    "memorysetup-temp-allocator-size-nav-mesh-worker=65536"
    "memorysetup-temp-allocator-size-audio-worker=65536"
    "memorysetup-temp-allocator-size-cloud-worker=32768"
    "memorysetup-temp-allocator-size-gi-baking-worker=262144"
    "memorysetup-temp-allocator-size-gfx=262144"
Refreshing native plugins compatible for Editor in 318.74 ms, found 3 plugins.
Preloading 0 native plugins for Editor in 0.00 ms.
Initialize engine version: 2021.3.12f1 (8af3c3e441b1)
[Subsystems] Discovering subsystems at path D:/Program Files/2021.3.12f1/Editor/Data/Resources/UnitySubsystems
[Subsystems] Discovering subsystems at path D:/Cristian/Documents/Simulacion/Bici2/Assets
GfxDevice: creating device client; threaded=0; jobified=0
Direct3D:
    Version:  Direct3D 11.0 [level 11.1]
    Renderer: AMD Radeon(TM) Vega 6 Graphics (ID=0x15d8)
    Vendor:   ATI
    VRAM:     5076 MB
    Driver:   26.20.11028.0
Initialize mono
Mono path[0] = 'D:/Program Files/2021.3.12f1/Editor/Data/Managed'
Mono path[1] = 'D:/Program Files/2021.3.12f1/Editor/Data/MonoBleedingEdge/lib/mono/unityjit-win32'
Mono config path = 'D:/Program Files/2021.3.12f1/Editor/Data/MonoBleedingEdge/etc'
Using monoOptions --debugger-agent=transport=dt_socket,embedding=1,server=y,suspend=n,address=127.0.0.1:56580
Begin MonoManager ReloadAssembly
Registering precompiled unity dll's ...
Register platform support module: D:/Program Files/2021.3.12f1/Editor/Data/PlaybackEngines/AndroidPlayer/UnityEditor.Android.Extensions.dll
Register platform support module: D:/Program Files/2021.3.12f1/Editor/Data/PlaybackEngines/WindowsStandaloneSupport/UnityEditor.WindowsStandalone.Extensions.dll
Registered in 0.007019 seconds.
Native extension for WindowsStandalone target not found
Native extension for Android target not found
Refreshing native plugins compatible for Editor in 167.28 ms, found 3 plugins.
Preloading 0 native plugins for Editor in 0.00 ms.
Mono: successfully reloaded assembly
- Completed reload, in  1.389 seconds
Domain Reload Profiling:
	ReloadAssembly (1390ms)
		BeginReloadAssembly (198ms)
			ExecutionOrderSort (0ms)
			DisableScriptedObjects (0ms)
			BackupInstance (0ms)
			ReleaseScriptingObjects (0ms)
			CreateAndSetChildDomain (1ms)
		EndReloadAssembly (976ms)
			LoadAssemblies (200ms)
			RebuildTransferFunctionScriptingTraits (0ms)
			SetupTypeCache (232ms)
			ReleaseScriptCaches (0ms)
			RebuildScriptCaches (60ms)
			SetupLoadedEditorAssemblies (577ms)
				LogAssemblyErrors (0ms)
				InitializePlatformSupportModulesInManaged (114ms)
				SetLoadedEditorAssemblies (1ms)
				RefreshPlugins (168ms)
				BeforeProcessingInitializeOnLoad (3ms)
				ProcessInitializeOnLoadAttributes (198ms)
				ProcessInitializeOnLoadMethodAttributes (93ms)
				AfterProcessingInitializeOnLoad (0ms)
				EditorAssembliesLoaded (0ms)
			ExecutionOrderSort2 (0ms)
			AwakeInstancesAfterBackupRestoration (0ms)
Platform modules already initialized, skipping
Registering precompiled user dll's ...
Registered in 0.010256 seconds.
Begin MonoManager ReloadAssembly
Symbol file LoadedFromMemory doesn't match image D:\Cristian\Documents\Simulacion\Bici2\Library\PackageCache\com.unity.visualscripting@1.7.8\Editor\VisualScripting.Core\Dependencies\YamlDotNet\Unity.VisualScripting.YamlDotNet.dll
Symbol file LoadedFromMemory doesn't match image D:\Cristian\Documents\Simulacion\Bici2\Library\PackageCache\com.unity.visualscripting@1.7.8\Editor\VisualScripting.Core\Dependencies\DotNetZip\Unity.VisualScripting.IonicZip.dll
Native extension for WindowsStandalone target not found
Native extension for Android target not found
Refreshing native plugins compatible for Editor in 130.08 ms, found 3 plugins.
Preloading 0 native plugins for Editor in 0.00 ms.
Mono: successfully reloaded assembly
- Completed reload, in  2.927 seconds
Domain Reload Profiling:
	ReloadAssembly (2933ms)
		BeginReloadAssembly (467ms)
			ExecutionOrderSort (0ms)
			DisableScriptedObjects (12ms)
			BackupInstance (0ms)
			ReleaseScriptingObjects (0ms)
			CreateAndSetChildDomain (159ms)
		EndReloadAssembly (2194ms)
			LoadAssemblies (348ms)
			RebuildTransferFunctionScriptingTraits (0ms)
			SetupTypeCache (545ms)
			ReleaseScriptCaches (1ms)
			RebuildScriptCaches (176ms)
			SetupLoadedEditorAssemblies (1110ms)
				LogAssemblyErrors (0ms)
				InitializePlatformSupportModulesInManaged (25ms)
				SetLoadedEditorAssemblies (0ms)
				RefreshPlugins (130ms)
				BeforeProcessingInitializeOnLoad (171ms)
				ProcessInitializeOnLoadAttributes (696ms)
				ProcessInitializeOnLoadMethodAttributes (77ms)
				AfterProcessingInitializeOnLoad (10ms)
				EditorAssembliesLoaded (0ms)
			ExecutionOrderSort2 (0ms)
			AwakeInstancesAfterBackupRestoration (26ms)
Platform modules already initialized, skipping
========================================================================
Worker process is ready to serve import requests
Launched and connected shader compiler UnityShaderCompiler.exe after 0.11 seconds
Refreshing native plugins compatible for Editor in 0.96 ms, found 3 plugins.
Preloading 0 native plugins for Editor in 0.00 ms.
Unloading 3571 Unused Serialized files (Serialized files now loaded: 0)
Unloading 48 unused Assets / (0.6 MB). Loaded Objects now: 4047.
Memory consumption went from 144.7 MB to 144.1 MB.
Total: 6.585300 ms (FindLiveObjects: 0.667000 ms CreateObjectMapping: 0.128300 ms MarkObjects: 5.268600 ms  DeleteObjects: 0.518200 ms)

AssetImportParameters requested are different than current active one (requested -> active):
  custom:video-decoder-ogg-theora: a1e56fd34408186e4bbccfd4996cb3dc -> 
  custom:container-muxer-webm: aa71ff27fc2769a1b78a27578f13a17b -> 
  custom:container-demuxer-webm: 4f35f7cbe854078d1ac9338744f61a02 -> 
  custom:video-encoder-webm-vp8: eb34c28f22e8b96e1ab97ce403110664 -> 
  custom:audio-encoder-webm-vorbis: bf7c407c2cedff20999df2af8eb42d56 -> 
  custom:framework-win-MediaFoundation: 216162199b28c13a410421893ffa2e32 -> 
  custom:container-demuxer-ogg: 62fdf1f143b41e24485cea50d1cbac27 -> 
  custom:video-decoder-webm-vp8: 9c59270c3fd7afecdb556c50c9e8de78 -> 
  custom:audio-decoder-ogg-vorbis: bf7c407c2cedff20999df2af8eb42d56 -> 
========================================================================
Received Import Request.
  Time since last request: 88794.409273 seconds.
  path: Assets/RealisticMobileCars - Pro 3D Models/Vehicles/Main/Materials/Numbers_License_Plate/Eu_Number_0.mat
  artifactKey: Guid(f894c3ead2050264787ca254aee67801) Importer(815301076,1909f56bfc062723c751e8b465ee728b)
Start importing Assets/RealisticMobileCars - Pro 3D Models/Vehicles/Main/Materials/Numbers_License_Plate/Eu_Number_0.mat using Guid(f894c3ead2050264787ca254aee67801) Importer(815301076,1909f56bfc062723c751e8b465ee728b)  -> (artifact id: '7fcf082fa8ba44e3ee8c966e90834d05') in 0.867168 seconds 
========================================================================
Received Import Request.
  Time since last request: 0.000042 seconds.
  path: Assets/RealisticMobileCars - Pro 3D Models/Vehicles/Main/Materials/Numbers_License_Plate/Eu_Number_B.mat
  artifactKey: Guid(bd90d47fb57543042bdd63d698e99039) Importer(815301076,1909f56bfc062723c751e8b465ee728b)
Start importing Assets/RealisticMobileCars - Pro 3D Models/Vehicles/Main/Materials/Numbers_License_Plate/Eu_Number_B.mat using Guid(bd90d47fb57543042bdd63d698e99039) Importer(815301076,1909f56bfc062723c751e8b465ee728b)  -> (artifact id: 'bd794cb7f8b9c1a5028ffa771bf41b25') in 0.025226 seconds 
========================================================================
Received Import Request.
  Time since last request: 0.000699 seconds.
  path: Assets/RealisticMobileCars - Pro 3D Models/Vehicles/Main/Materials/Numbers_License_Plate/Eu_Number_M.mat
  artifactKey: Guid(f04f0549f58f7f145a883805af71fa6a) Importer(815301076,1909f56bfc062723c751e8b465ee728b)
Start importing Assets/RealisticMobileCars - Pro 3D Models/Vehicles/Main/Materials/Numbers_License_Plate/Eu_Number_M.mat using Guid(f04f0549f58f7f145a883805af71fa6a) Importer(815301076,1909f56bfc062723c751e8b465ee728b)  -> (artifact id: 'c589d016457eff9acf26d000c2131041') in 0.041685 seconds 
========================================================================
Received Import Request.
  Time since last request: 0.000049 seconds.
  path: Assets/RealisticMobileCars - Pro 3D Models/Vehicles/Main/Materials/Numbers_License_Plate/Eu_Number_F.mat
  artifactKey: Guid(16ba3bb6878c2974e91a73a1a3236dea) Importer(815301076,1909f56bfc062723c751e8b465ee728b)
Start importing Assets/RealisticMobileCars - Pro 3D Models/Vehicles/Main/Materials/Numbers_License_Plate/Eu_Number_F.mat using Guid(16ba3bb6878c2974e91a73a1a3236dea) Importer(815301076,1909f56bfc062723c751e8b465ee728b)  -> (artifact id: 'f6ec8a4ff155db05f9b0f599eff8b015') in 0.039368 seconds 
========================================================================
Received Import Request.
  Time since last request: 0.000075 seconds.
  path: Assets/RealisticMobileCars - Pro 3D Models/Vehicles/Main/Materials/Numbers_License_Plate/Eu_Number_3.mat
  artifactKey: Guid(2a46d42972ea9c54bb0a6fe1f00191e4) Importer(815301076,1909f56bfc062723c751e8b465ee728b)
Start importing Assets/RealisticMobileCars - Pro 3D Models/Vehicles/Main/Materials/Numbers_License_Plate/Eu_Number_3.mat using Guid(2a46d42972ea9c54bb0a6fe1f00191e4) Importer(815301076,1909f56bfc062723c751e8b465ee728b)  -> (artifact id: '9490445aca6bd04493e3a510a8cc3af8') in 0.060839 seconds 
========================================================================
Received Import Request.
  Time since last request: 0.000060 seconds.
  path: Assets/RealisticMobileCars - Pro 3D Models/Vehicles/Main/Materials/Numbers_License_Plate/Eu_Number_A.mat
  artifactKey: Guid(a564ba0a985e3ca4aa169e88e44e5767) Importer(815301076,1909f56bfc062723c751e8b465ee728b)
Start importing Assets/RealisticMobileCars - Pro 3D Models/Vehicles/Main/Materials/Numbers_License_Plate/Eu_Number_A.mat using Guid(a564ba0a985e3ca4aa169e88e44e5767) Importer(815301076,1909f56bfc062723c751e8b465ee728b)  -> (artifact id: '11557457b9bf85f64140503a298dd712') in 0.077338 seconds 
========================================================================
Received Import Request.
  Time since last request: 0.000362 seconds.
  path: Assets/RealisticMobileCars - Pro 3D Models/Vehicles/Main/Materials/Numbers_License_Plate/Eu_Number_8.mat
  artifactKey: Guid(ce06cc4a8de11f642bc4d4ba520263ce) Importer(815301076,1909f56bfc062723c751e8b465ee728b)
Start importing Assets/RealisticMobileCars - Pro 3D Models/Vehicles/Main/Materials/Numbers_License_Plate/Eu_Number_8.mat using Guid(ce06cc4a8de11f642bc4d4ba520263ce) Importer(815301076,1909f56bfc062723c751e8b465ee728b)  -> (artifact id: '983024f589517c49184c5081f8cb56b8') in 0.030584 seconds 
========================================================================
Received Import Request.
  Time since last request: 0.007388 seconds.
  path: Assets/RealisticMobileCars - Pro 3D Models/Vehicles/Main/Materials/Numbers_License_Plate/Eu_Number_D.mat
  artifactKey: Guid(623b2990b7e7feb4ab2015acce0445d3) Importer(815301076,1909f56bfc062723c751e8b465ee728b)
Start importing Assets/RealisticMobileCars - Pro 3D Models/Vehicles/Main/Materials/Numbers_License_Plate/Eu_Number_D.mat using Guid(623b2990b7e7feb4ab2015acce0445d3) Importer(815301076,1909f56bfc062723c751e8b465ee728b)  -> (artifact id: 'cf236bea4d23f68c30591fa7b3e4b2f2') in 0.034977 seconds 
========================================================================
Received Import Request.
  Time since last request: 0.000057 seconds.
  path: Assets/RealisticMobileCars - Pro 3D Models/Vehicles/Main/Materials/Numbers_License_Plate/Eu_Number_L.mat
  artifactKey: Guid(9b6dac862d6d74d489fbfb8f02d12e63) Importer(815301076,1909f56bfc062723c751e8b465ee728b)
Start importing Assets/RealisticMobileCars - Pro 3D Models/Vehicles/Main/Materials/Numbers_License_Plate/Eu_Number_L.mat using Guid(9b6dac862d6d74d489fbfb8f02d12e63) Importer(815301076,1909f56bfc062723c751e8b465ee728b)  -> (artifact id: '3d3ff690f5976466d25d1d50c6b6d06d') in 0.033599 seconds 
========================================================================
Received Import Request.
  Time since last request: 0.000047 seconds.
  path: Assets/RealisticMobileCars - Pro 3D Models/Vehicles/Main/Materials/Numbers_License_Plate/Eu_Number_1.mat
  artifactKey: Guid(eca5aff13970d234aaad5e6ab7fce6d4) Importer(815301076,1909f56bfc062723c751e8b465ee728b)
Start importing Assets/RealisticMobileCars - Pro 3D Models/Vehicles/Main/Materials/Numbers_License_Plate/Eu_Number_1.mat using Guid(eca5aff13970d234aaad5e6ab7fce6d4) Importer(815301076,1909f56bfc062723c751e8b465ee728b)  -> (artifact id: '62d511e4b1df68d88092f0ccfe38b65f') in 0.027822 seconds 
========================================================================
Received Import Request.
  Time since last request: 0.004963 seconds.
  path: Assets/RealisticMobileCars - Pro 3D Models/Vehicles/Main/Materials/Numbers_License_Plate/Eu_Number_J.mat
  artifactKey: Guid(bf6cb51ea890b074d8a340b45e779ae4) Importer(815301076,1909f56bfc062723c751e8b465ee728b)
Start importing Assets/RealisticMobileCars - Pro 3D Models/Vehicles/Main/Materials/Numbers_License_Plate/Eu_Number_J.mat using Guid(bf6cb51ea890b074d8a340b45e779ae4) Importer(815301076,1909f56bfc062723c751e8b465ee728b)  -> (artifact id: '7e761a38ddafdd2fb3cbfb0f75cd02ec') in 0.037649 seconds 
========================================================================
Received Import Request.
  Time since last request: 0.000042 seconds.
  path: Assets/RealisticMobileCars - Pro 3D Models/Vehicles/Main/Materials/Numbers_License_Plate/Eu_Number_4.mat
  artifactKey: Guid(132a573cb6ee950439bccb6fecf0dc6e) Importer(815301076,1909f56bfc062723c751e8b465ee728b)
Start importing Assets/RealisticMobileCars - Pro 3D Models/Vehicles/Main/Materials/Numbers_License_Plate/Eu_Number_4.mat using Guid(132a573cb6ee950439bccb6fecf0dc6e) Importer(815301076,1909f56bfc062723c751e8b465ee728b)  -> (artifact id: '6d49b98dbe2ae240758bc9077aded84a') in 0.038607 seconds 
========================================================================
Received Import Request.
  Time since last request: 0.024180 seconds.
  path: Assets/RealisticMobileCars - Pro 3D Models/Vehicles/Main/Materials/Numbers_License_Plate/Eu_Number_H.mat
  artifactKey: Guid(59b705988ade79b41aa065872ce214c0) Importer(815301076,1909f56bfc062723c751e8b465ee728b)
Start importing Assets/RealisticMobileCars - Pro 3D Models/Vehicles/Main/Materials/Numbers_License_Plate/Eu_Number_H.mat using Guid(59b705988ade79b41aa065872ce214c0) Importer(815301076,1909f56bfc062723c751e8b465ee728b)  -> (artifact id: 'f761a8755512f0e6e7d4ec5ee79d4edc') in 0.055809 seconds 
========================================================================
Received Import Request.
  Time since last request: 18.701980 seconds.
  path: Assets/RealisticMobileCars - Pro 3D Models/Vehicles/RMCarDemo/Prefabs/RMCarDemoHighInterior_EU.prefab
  artifactKey: Guid(4e6c71838f0125f42beb1cf5e9bfc83c) Importer(815301076,1909f56bfc062723c751e8b465ee728b)
Start importing Assets/RealisticMobileCars - Pro 3D Models/Vehicles/RMCarDemo/Prefabs/RMCarDemoHighInterior_EU.prefab using Guid(4e6c71838f0125f42beb1cf5e9bfc83c) Importer(815301076,1909f56bfc062723c751e8b465ee728b)  -> (artifact id: '029f50c19c62a794981befdc3f19685d') in 0.860316 seconds 
========================================================================
Received Import Request.
  Time since last request: 0.000064 seconds.
  path: Assets/RealisticMobileCars - Pro 3D Models/Vehicles/RMCarDemo/Prefabs/RMCarDemoInterior.prefab
  artifactKey: Guid(26b44b79e6f502f439bb611194a04cf7) Importer(815301076,1909f56bfc062723c751e8b465ee728b)
Start importing Assets/RealisticMobileCars - Pro 3D Models/Vehicles/RMCarDemo/Prefabs/RMCarDemoInterior.prefab using Guid(26b44b79e6f502f439bb611194a04cf7) Importer(815301076,1909f56bfc062723c751e8b465ee728b)  -> (artifact id: '9120f7f587dd48d367ab4c3ef3d1e159') in 0.077136 seconds 
Editor requested this worker to shutdown with reason: Scaling down because of idle timeout
AssetImportWorkerClient::OnTransportError - code=2 error=End of file
AssetImportWorker is now disconnected from the server
Process exiting
Exiting without the bug reporter. Application will terminate with return code 0